# JRE version: OpenJDK Runtime Environment Temurin-21.0.3+9 (21.0.3+9) (build 21.0.3+9-LTS)
# Java VM: OpenJDK 64-Bit Server VM Temurin-21.0.3+9 (21.0.3+9-LTS, mixed mode, emulated-client, tiered, compressed oops, compressed class ptrs, g1 gc, windows-amd64)
GC Precious Log:
 CardTable entry size: 512
 Card Set container configuration: InlinePtr #cards 5 size 8 Array Of Cards #cards 12 size 40 Howl #buckets 4 coarsen threshold 1843 Howl Bitmap #cards 512 size 80 coarsen threshold 460 Card regions per heap region 1 cards per card region 2048
 CPUs: 16 total, 16 available
 Memory: 7876M
 Large Page Support: Disabled
 NUMA Support: Disabled
 Compressed Oops: Enabled (32-bit)
 Heap Region Size: 1M
 Heap Min Capacity: 8M
 Heap Initial Capacity: 124M
 Heap Max Capacity: 1970M
 Pre-touch: Disabled
 Parallel Workers: 13
 Concurrent Workers: 3
 Concurrent Refinement Workers: 13
 Periodic GC: Disabled
Heap:
 garbage-first heap   total 270336K, used 88800K [0x0000000084e00000, 0x0000000100000000)
  region size 1024K, 18 young (18432K), 2 survivors (2048K)
 Metaspace       used 158322K, committed 160064K, reserved 1245184K
  class space    used 20236K, committed 21056K, reserved 1048576K
GC Heap History (20 events):
Event: 152136.101 GC heap after
{Heap after GC invocations=1202 (full 53):
 garbage-first heap   total 198656K, used 74332K [0x0000000084e00000, 0x0000000100000000)
  region size 1024K, 8 young (8192K), 8 survivors (8192K)
 Metaspace       used 157741K, committed 159488K, reserved 1245184K
  class space    used 20192K, committed 20992K, reserved 1048576K
}
Event: 152136.712 GC heap before
{Heap before GC invocations=1203 (full 53):
 garbage-first heap   total 198656K, used 94812K [0x0000000084e00000, 0x0000000100000000)
  region size 1024K, 29 young (29696K), 8 survivors (8192K)
 Metaspace       used 157881K, committed 159680K, reserved 1245184K
  class space    used 20211K, committed 21056K, reserved 1048576K
}
Event: 152136.721 GC heap after
{Heap after GC invocations=1204 (full 53):
 garbage-first heap   total 302080K, used 75570K [0x0000000084e00000, 0x0000000100000000)
  region size 1024K, 9 young (9216K), 9 survivors (9216K)
 Metaspace       used 157881K, committed 159680K, reserved 1245184K
  class space    used 20211K, committed 21056K, reserved 1048576K
}
Event: 152138.482 GC heap before
{Heap before GC invocations=1205 (full 53):
 garbage-first heap   total 276480K, used 252722K [0x0000000084e00000, 0x0000000100000000)
  region size 1024K, 162 young (165888K), 9 survivors (9216K)
 Metaspace       used 158325K, committed 160064K, reserved 1245184K
  class space    used 20237K, committed 21056K, reserved 1048576K
}
Event: 152138.490 GC heap after
{Heap after GC invocations=1206 (full 53):
 garbage-first heap   total 276480K, used 88383K [0x0000000084e00000, 0x0000000100000000)
  region size 1024K, 12 young (12288K), 12 survivors (12288K)
 Metaspace       used 158325K, committed 160064K, reserved 1245184K
  class space    used 20237K, committed 21056K, reserved 1048576K
}
Event: 152139.063 GC heap before
{Heap before GC invocations=1206 (full 53):
 garbage-first heap   total 276480K, used 241983K [0x0000000084e00000, 0x0000000100000000)
  region size 1024K, 162 young (165888K), 12 survivors (12288K)
 Metaspace       used 158325K, committed 160064K, reserved 1245184K
  class space    used 20237K, committed 21056K, reserved 1048576K
}
Event: 152139.074 GC heap after
{Heap after GC invocations=1207 (full 53):
 garbage-first heap   total 276480K, used 88656K [0x0000000084e00000, 0x0000000100000000)
  region size 1024K, 7 young (7168K), 7 survivors (7168K)
 Metaspace       used 158325K, committed 160064K, reserved 1245184K
  class space    used 20237K, committed 21056K, reserved 1048576K
}
Event: 152139.692 GC heap before
{Heap before GC invocations=1207 (full 53):
 garbage-first heap   total 276480K, used 247376K [0x0000000084e00000, 0x0000000100000000)
  region size 1024K, 162 young (165888K), 7 survivors (7168K)
 Metaspace       used 158325K, committed 160064K, reserved 1245184K
  class space    used 20237K, committed 21056K, reserved 1048576K
}
Event: 152139.700 GC heap after
{Heap after GC invocations=1208 (full 53):
 garbage-first heap   total 276480K, used 93691K [0x0000000084e00000, 0x0000000100000000)
  region size 1024K, 12 young (12288K), 12 survivors (12288K)
 Metaspace       used 158325K, committed 160064K, reserved 1245184K
  class space    used 20237K, committed 21056K, reserved 1048576K
}
Event: 152140.083 GC heap before
{Heap before GC invocations=1209 (full 53):
 garbage-first heap   total 276480K, used 238828K [0x0000000084e00000, 0x0000000100000000)
  region size 1024K, 160 young (163840K), 12 survivors (12288K)
 Metaspace       used 158325K, committed 160064K, reserved 1245184K
  class space    used 20237K, committed 21056K, reserved 1048576K
}
Event: 152140.089 GC heap after
{Heap after GC invocations=1210 (full 53):
 garbage-first heap   total 276480K, used 84327K [0x0000000084e00000, 0x0000000100000000)
  region size 1024K, 8 young (8192K), 8 survivors (8192K)
 Metaspace       used 158325K, committed 160064K, reserved 1245184K
  class space    used 20237K, committed 21056K, reserved 1048576K
}
Event: 152140.446 GC heap before
{Heap before GC invocations=1210 (full 53):
 garbage-first heap   total 276480K, used 242023K [0x0000000084e00000, 0x0000000100000000)
  region size 1024K, 162 young (165888K), 8 survivors (8192K)
 Metaspace       used 158328K, committed 160064K, reserved 1245184K
  class space    used 20237K, committed 21056K, reserved 1048576K
}
Event: 152140.460 GC heap after
{Heap after GC invocations=1211 (full 53):
 garbage-first heap   total 276480K, used 93706K [0x0000000084e00000, 0x0000000100000000)
  region size 1024K, 19 young (19456K), 19 survivors (19456K)
 Metaspace       used 158328K, committed 160064K, reserved 1245184K
  class space    used 20237K, committed 21056K, reserved 1048576K
}
Event: 152141.012 GC heap before
{Heap before GC invocations=1211 (full 53):
 garbage-first heap   total 276480K, used 239114K [0x0000000084e00000, 0x0000000100000000)
  region size 1024K, 161 young (164864K), 19 survivors (19456K)
 Metaspace       used 158328K, committed 160064K, reserved 1245184K
  class space    used 20237K, committed 21056K, reserved 1048576K
}
Event: 152141.025 GC heap after
{Heap after GC invocations=1212 (full 53):
 garbage-first heap   total 276480K, used 89990K [0x0000000084e00000, 0x0000000100000000)
  region size 1024K, 11 young (11264K), 11 survivors (11264K)
 Metaspace       used 158328K, committed 160064K, reserved 1245184K
  class space    used 20237K, committed 21056K, reserved 1048576K
}
Event: 152141.551 GC heap before
{Heap before GC invocations=1213 (full 53):
 garbage-first heap   total 276480K, used 244614K [0x0000000084e00000, 0x0000000100000000)
  region size 1024K, 162 young (165888K), 11 survivors (11264K)
 Metaspace       used 158328K, committed 160064K, reserved 1245184K
  class space    used 20237K, committed 21056K, reserved 1048576K
}
Event: 152141.553 GC heap after
{Heap after GC invocations=1214 (full 53):
 garbage-first heap   total 276480K, used 81496K [0x0000000084e00000, 0x0000000100000000)
  region size 1024K, 3 young (3072K), 3 survivors (3072K)
 Metaspace       used 158328K, committed 160064K, reserved 1245184K
  class space    used 20237K, committed 21056K, reserved 1048576K
}
Event: 152144.292 GC heap before
{Heap before GC invocations=1214 (full 53):
 garbage-first heap   total 276480K, used 208472K [0x0000000084e00000, 0x0000000100000000)
  region size 1024K, 128 young (131072K), 3 survivors (3072K)
 Metaspace       used 158328K, committed 160064K, reserved 1245184K
  class space    used 20237K, committed 21056K, reserved 1048576K
}
Event: 152144.297 GC heap after
{Heap after GC invocations=1215 (full 53):
 garbage-first heap   total 276480K, used 72862K [0x0000000084e00000, 0x0000000100000000)
  region size 1024K, 3 young (3072K), 3 survivors (3072K)
 Metaspace       used 158328K, committed 160064K, reserved 1245184K
  class space    used 20237K, committed 21056K, reserved 1048576K
}
Event: 152170.051 GC heap before
{Heap before GC invocations=1216 (full 53):
 garbage-first heap   total 270336K, used 87198K [0x0000000084e00000, 0x0000000100000000)
  region size 1024K, 19 young (19456K), 3 survivors (3072K)
 Metaspace       used 158322K, committed 160064K, reserved 1245184K
  class space    used 20236K, committed 21056K, reserved 1048576K
}

