# JRE version: OpenJDK Runtime Environment Temurin-21.0.3+9 (21.0.3+9) (build 21.0.3+9-LTS)
# Java VM: OpenJDK 64-Bit Server VM Temurin-21.0.3+9 (21.0.3+9-LTS, mixed mode, emulated-client, tiered, compressed oops, compressed class ptrs, g1 gc, windows-amd64)
GC Precious Log:
 CardTable entry size: 512
 Card Set container configuration: InlinePtr #cards 5 size 8 Array Of Cards #cards 12 size 40 Howl #buckets 4 coarsen threshold 1843 Howl Bitmap #cards 512 size 80 coarsen threshold 460 Card regions per heap region 1 cards per card region 2048
 CPUs: 16 total, 16 available
 Memory: 7876M
 Large Page Support: Disabled
 NUMA Support: Disabled
 Compressed Oops: Enabled (32-bit)
 Heap Region Size: 1M
 Heap Min Capacity: 8M
 Heap Initial Capacity: 124M
 Heap Max Capacity: 1970M
 Pre-touch: Disabled
 Parallel Workers: 13
 Concurrent Workers: 3
 Concurrent Refinement Workers: 13
 Periodic GC: Disabled
Heap:
 garbage-first heap   total 178176K, used 156312K [0x0000000084e00000, 0x0000000100000000)
  region size 1024K, 111 young (113664K), 7 survivors (7168K)
 Metaspace       used 122170K, committed 123072K, reserved 1179648K
  class space    used 16483K, committed 16896K, reserved 1048576K
GC Heap History (20 events):
Event: 1126.760 GC heap after
{Heap after GC invocations=162 (full 6):
 garbage-first heap   total 205824K, used 78813K [0x0000000084e00000, 0x0000000100000000)
  region size 1024K, 6 young (6144K), 6 survivors (6144K)
 Metaspace       used 121920K, committed 122752K, reserved 1179648K
  class space    used 16451K, committed 16832K, reserved 1048576K
}
Event: 1127.188 GC heap before
{Heap before GC invocations=162 (full 6):
 garbage-first heap   total 205824K, used 185309K [0x0000000084e00000, 0x0000000100000000)
  region size 1024K, 110 young (112640K), 6 survivors (6144K)
 Metaspace       used 121920K, committed 122752K, reserved 1179648K
  class space    used 16451K, committed 16832K, reserved 1048576K
}
Event: 1127.194 GC heap after
{Heap after GC invocations=163 (full 6):
 garbage-first heap   total 205824K, used 83167K [0x0000000084e00000, 0x0000000100000000)
  region size 1024K, 11 young (11264K), 11 survivors (11264K)
 Metaspace       used 121920K, committed 122752K, reserved 1179648K
  class space    used 16451K, committed 16832K, reserved 1048576K
}
Event: 1127.431 GC heap before
{Heap before GC invocations=163 (full 6):
 garbage-first heap   total 205824K, used 180447K [0x0000000084e00000, 0x0000000100000000)
  region size 1024K, 106 young (108544K), 11 survivors (11264K)
 Metaspace       used 121920K, committed 122752K, reserved 1179648K
  class space    used 16451K, committed 16832K, reserved 1048576K
}
Event: 1127.437 GC heap after
{Heap after GC invocations=164 (full 6):
 garbage-first heap   total 205824K, used 80859K [0x0000000084e00000, 0x0000000100000000)
  region size 1024K, 3 young (3072K), 3 survivors (3072K)
 Metaspace       used 121920K, committed 122752K, reserved 1179648K
  class space    used 16451K, committed 16832K, reserved 1048576K
}
Event: 1127.741 GC heap before
{Heap before GC invocations=165 (full 6):
 garbage-first heap   total 205824K, used 184283K [0x0000000084e00000, 0x0000000100000000)
  region size 1024K, 109 young (111616K), 3 survivors (3072K)
 Metaspace       used 121920K, committed 122752K, reserved 1179648K
  class space    used 16451K, committed 16832K, reserved 1048576K
}
Event: 1127.745 GC heap after
{Heap after GC invocations=166 (full 6):
 garbage-first heap   total 205824K, used 78732K [0x0000000084e00000, 0x0000000100000000)
  region size 1024K, 6 young (6144K), 6 survivors (6144K)
 Metaspace       used 121920K, committed 122752K, reserved 1179648K
  class space    used 16451K, committed 16832K, reserved 1048576K
}
Event: 1128.122 GC heap before
{Heap before GC invocations=166 (full 6):
 garbage-first heap   total 205824K, used 186252K [0x0000000084e00000, 0x0000000100000000)
  region size 1024K, 111 young (113664K), 6 survivors (6144K)
 Metaspace       used 121920K, committed 122752K, reserved 1179648K
  class space    used 16451K, committed 16832K, reserved 1048576K
}
Event: 1128.125 GC heap after
{Heap after GC invocations=167 (full 6):
 garbage-first heap   total 205824K, used 71428K [0x0000000084e00000, 0x0000000100000000)
  region size 1024K, 2 young (2048K), 2 survivors (2048K)
 Metaspace       used 121920K, committed 122752K, reserved 1179648K
  class space    used 16451K, committed 16832K, reserved 1048576K
}
Event: 1128.299 GC heap before
{Heap before GC invocations=167 (full 6):
 garbage-first heap   total 205824K, used 190212K [0x0000000084e00000, 0x0000000100000000)
  region size 1024K, 118 young (120832K), 2 survivors (2048K)
 Metaspace       used 121920K, committed 122752K, reserved 1179648K
  class space    used 16451K, committed 16832K, reserved 1048576K
}
Event: 1128.308 GC heap after
{Heap after GC invocations=168 (full 6):
 garbage-first heap   total 207872K, used 85517K [0x0000000084e00000, 0x0000000100000000)
  region size 1024K, 15 young (15360K), 15 survivors (15360K)
 Metaspace       used 121920K, committed 122752K, reserved 1179648K
  class space    used 16451K, committed 16832K, reserved 1048576K
}
Event: 1128.422 GC heap before
{Heap before GC invocations=169 (full 6):
 garbage-first heap   total 207872K, used 179725K [0x0000000084e00000, 0x0000000100000000)
  region size 1024K, 107 young (109568K), 15 survivors (15360K)
 Metaspace       used 121919K, committed 122752K, reserved 1179648K
  class space    used 16451K, committed 16832K, reserved 1048576K
}
Event: 1128.428 GC heap after
{Heap after GC invocations=170 (full 6):
 garbage-first heap   total 254976K, used 78885K [0x0000000084e00000, 0x0000000100000000)
  region size 1024K, 8 young (8192K), 8 survivors (8192K)
 Metaspace       used 121919K, committed 122752K, reserved 1179648K
  class space    used 16451K, committed 16832K, reserved 1048576K
}
Event: 1128.780 GC heap before
{Heap before GC invocations=170 (full 6):
 garbage-first heap   total 254976K, used 223269K [0x0000000084e00000, 0x0000000100000000)
  region size 1024K, 149 young (152576K), 8 survivors (8192K)
 Metaspace       used 121919K, committed 122752K, reserved 1179648K
  class space    used 16451K, committed 16832K, reserved 1048576K
}
Event: 1128.783 GC heap after
{Heap after GC invocations=171 (full 6):
 garbage-first heap   total 254976K, used 70799K [0x0000000084e00000, 0x0000000100000000)
  region size 1024K, 2 young (2048K), 2 survivors (2048K)
 Metaspace       used 121919K, committed 122752K, reserved 1179648K
  class space    used 16451K, committed 16832K, reserved 1048576K
}
Event: 1129.048 GC heap before
{Heap before GC invocations=171 (full 6):
 garbage-first heap   total 254976K, used 221327K [0x0000000084e00000, 0x0000000100000000)
  region size 1024K, 149 young (152576K), 2 survivors (2048K)
 Metaspace       used 121919K, committed 122752K, reserved 1179648K
  class space    used 16451K, committed 16832K, reserved 1048576K
}
Event: 1129.050 GC heap after
{Heap after GC invocations=172 (full 6):
 garbage-first heap   total 254976K, used 70667K [0x0000000084e00000, 0x0000000100000000)
  region size 1024K, 2 young (2048K), 2 survivors (2048K)
 Metaspace       used 121919K, committed 122752K, reserved 1179648K
  class space    used 16451K, committed 16832K, reserved 1048576K
}
Event: 1188.966 GC heap before
{Heap before GC invocations=172 (full 6):
 garbage-first heap   total 254976K, used 130059K [0x0000000084e00000, 0x0000000100000000)
  region size 1024K, 61 young (62464K), 2 survivors (2048K)
 Metaspace       used 121922K, committed 122752K, reserved 1179648K
  class space    used 16451K, committed 16832K, reserved 1048576K
}
Event: 1189.039 GC heap after
{Heap after GC invocations=173 (full 7):
 garbage-first heap   total 178176K, used 49816K [0x0000000084e00000, 0x0000000100000000)
  region size 1024K, 0 young (0K), 0 survivors (0K)
 Metaspace       used 121922K, committed 122752K, reserved 1179648K
  class space    used 16451K, committed 16832K, reserved 1048576K
}
Event: 1189.671 GC heap before
{Heap before GC invocations=173 (full 7):
 garbage-first heap   total 178176K, used 155288K [0x0000000084e00000, 0x0000000100000000)
  region size 1024K, 104 young (106496K), 0 survivors (0K)
 Metaspace       used 122170K, committed 123072K, reserved 1179648K
  class space    used 16483K, committed 16896K, reserved 1048576K
}

