# JRE version: OpenJDK Runtime Environment Temurin-21.0.3+9 (21.0.3+9) (build 21.0.3+9-LTS)
# Java VM: OpenJDK 64-Bit Server VM Temurin-21.0.3+9 (21.0.3+9-LTS, mixed mode, emulated-client, tiered, compressed oops, compressed class ptrs, g1 gc, windows-amd64)
GC Precious Log:
 CardTable entry size: 512
 Card Set container configuration: InlinePtr #cards 5 size 8 Array Of Cards #cards 12 size 40 Howl #buckets 4 coarsen threshold 1843 Howl Bitmap #cards 512 size 80 coarsen threshold 460 Card regions per heap region 1 cards per card region 2048
 CPUs: 16 total, 16 available
 Memory: 7876M
 Large Page Support: Disabled
 NUMA Support: Disabled
 Compressed Oops: Enabled (32-bit)
 Heap Region Size: 1M
 Heap Min Capacity: 8M
 Heap Initial Capacity: 124M
 Heap Max Capacity: 1970M
 Pre-touch: Disabled
 Parallel Workers: 13
 Concurrent Workers: 3
 Concurrent Refinement Workers: 13
 Periodic GC: Disabled
Heap:
 garbage-first heap   total 249856K, used 97204K [0x0000000084e00000, 0x0000000100000000)
  region size 1024K, 30 young (30720K), 4 survivors (4096K)
 Metaspace       used 120907K, committed 121856K, reserved 1179648K
  class space    used 16402K, committed 16896K, reserved 1048576K
GC Heap History (20 events):
Event: 722.798 GC heap after
{Heap after GC invocations=130 (full 4):
 garbage-first heap   total 167936K, used 66961K [0x0000000084e00000, 0x0000000100000000)
  region size 1024K, 6 young (6144K), 6 survivors (6144K)
 Metaspace       used 120184K, committed 121280K, reserved 1179648K
  class space    used 16337K, committed 16896K, reserved 1048576K
}
Event: 723.785 GC heap before
{Heap before GC invocations=131 (full 4):
 garbage-first heap   total 167936K, used 119185K [0x0000000084e00000, 0x0000000100000000)
  region size 1024K, 58 young (59392K), 6 survivors (6144K)
 Metaspace       used 120869K, committed 121792K, reserved 1179648K
  class space    used 16397K, committed 16896K, reserved 1048576K
}
Event: 723.810 GC heap after
{Heap after GC invocations=132 (full 4):
 garbage-first heap   total 380928K, used 71674K [0x0000000084e00000, 0x0000000100000000)
  region size 1024K, 11 young (11264K), 11 survivors (11264K)
 Metaspace       used 120869K, committed 121792K, reserved 1179648K
  class space    used 16397K, committed 16896K, reserved 1048576K
}
Event: 724.958 GC heap before
{Heap before GC invocations=133 (full 4):
 garbage-first heap   total 270336K, used 242682K [0x0000000084e00000, 0x0000000100000000)
  region size 1024K, 158 young (161792K), 11 survivors (11264K)
 Metaspace       used 120869K, committed 121792K, reserved 1179648K
  class space    used 16397K, committed 16896K, reserved 1048576K
}
Event: 724.966 GC heap after
{Heap after GC invocations=134 (full 4):
 garbage-first heap   total 270336K, used 81390K [0x0000000084e00000, 0x0000000100000000)
  region size 1024K, 11 young (11264K), 11 survivors (11264K)
 Metaspace       used 120869K, committed 121792K, reserved 1179648K
  class space    used 16397K, committed 16896K, reserved 1048576K
}
Event: 725.474 GC heap before
{Heap before GC invocations=134 (full 4):
 garbage-first heap   total 270336K, used 231918K [0x0000000084e00000, 0x0000000100000000)
  region size 1024K, 158 young (161792K), 11 survivors (11264K)
 Metaspace       used 120869K, committed 121792K, reserved 1179648K
  class space    used 16397K, committed 16896K, reserved 1048576K
}
Event: 725.482 GC heap after
{Heap after GC invocations=135 (full 4):
 garbage-first heap   total 270336K, used 81413K [0x0000000084e00000, 0x0000000100000000)
  region size 1024K, 12 young (12288K), 12 survivors (12288K)
 Metaspace       used 120869K, committed 121792K, reserved 1179648K
  class space    used 16397K, committed 16896K, reserved 1048576K
}
Event: 725.948 GC heap before
{Heap before GC invocations=135 (full 4):
 garbage-first heap   total 270336K, used 230917K [0x0000000084e00000, 0x0000000100000000)
  region size 1024K, 158 young (161792K), 12 survivors (12288K)
 Metaspace       used 120873K, committed 121856K, reserved 1179648K
  class space    used 16398K, committed 16896K, reserved 1048576K
}
Event: 725.956 GC heap after
{Heap after GC invocations=136 (full 4):
 garbage-first heap   total 270336K, used 82366K [0x0000000084e00000, 0x0000000100000000)
  region size 1024K, 10 young (10240K), 10 survivors (10240K)
 Metaspace       used 120873K, committed 121856K, reserved 1179648K
  class space    used 16398K, committed 16896K, reserved 1048576K
}
Event: 726.196 GC heap before
{Heap before GC invocations=137 (full 4):
 garbage-first heap   total 270336K, used 233918K [0x0000000084e00000, 0x0000000100000000)
  region size 1024K, 158 young (161792K), 10 survivors (10240K)
 Metaspace       used 120875K, committed 121856K, reserved 1179648K
  class space    used 16398K, committed 16896K, reserved 1048576K
}
Event: 726.202 GC heap after
{Heap after GC invocations=138 (full 4):
 garbage-first heap   total 270336K, used 82583K [0x0000000084e00000, 0x0000000100000000)
  region size 1024K, 10 young (10240K), 10 survivors (10240K)
 Metaspace       used 120875K, committed 121856K, reserved 1179648K
  class space    used 16398K, committed 16896K, reserved 1048576K
}
Event: 726.504 GC heap before
{Heap before GC invocations=138 (full 4):
 garbage-first heap   total 270336K, used 234135K [0x0000000084e00000, 0x0000000100000000)
  region size 1024K, 158 young (161792K), 10 survivors (10240K)
 Metaspace       used 120875K, committed 121856K, reserved 1179648K
  class space    used 16398K, committed 16896K, reserved 1048576K
}
Event: 726.516 GC heap after
{Heap after GC invocations=139 (full 4):
 garbage-first heap   total 270336K, used 97150K [0x0000000084e00000, 0x0000000100000000)
  region size 1024K, 20 young (20480K), 20 survivors (20480K)
 Metaspace       used 120875K, committed 121856K, reserved 1179648K
  class space    used 16398K, committed 16896K, reserved 1048576K
}
Event: 726.776 GC heap before
{Heap before GC invocations=139 (full 4):
 garbage-first heap   total 270336K, used 234366K [0x0000000084e00000, 0x0000000100000000)
  region size 1024K, 154 young (157696K), 20 survivors (20480K)
 Metaspace       used 120875K, committed 121856K, reserved 1179648K
  class space    used 16398K, committed 16896K, reserved 1048576K
}
Event: 726.782 GC heap after
{Heap after GC invocations=140 (full 4):
 garbage-first heap   total 270336K, used 85516K [0x0000000084e00000, 0x0000000100000000)
  region size 1024K, 2 young (2048K), 2 survivors (2048K)
 Metaspace       used 120875K, committed 121856K, reserved 1179648K
  class space    used 16398K, committed 16896K, reserved 1048576K
}
Event: 727.163 GC heap before
{Heap before GC invocations=141 (full 4):
 garbage-first heap   total 270336K, used 241164K [0x0000000084e00000, 0x0000000100000000)
  region size 1024K, 158 young (161792K), 2 survivors (2048K)
 Metaspace       used 120875K, committed 121856K, reserved 1179648K
  class space    used 16398K, committed 16896K, reserved 1048576K
}
Event: 727.166 GC heap after
{Heap after GC invocations=142 (full 4):
 garbage-first heap   total 324608K, used 80573K [0x0000000084e00000, 0x0000000100000000)
  region size 1024K, 1 young (1024K), 1 survivors (1024K)
 Metaspace       used 120875K, committed 121856K, reserved 1179648K
  class space    used 16398K, committed 16896K, reserved 1048576K
}
Event: 730.431 GC heap before
{Heap before GC invocations=142 (full 4):
 garbage-first heap   total 324608K, used 191165K [0x0000000084e00000, 0x0000000100000000)
  region size 1024K, 110 young (112640K), 1 survivors (1024K)
 Metaspace       used 120920K, committed 121856K, reserved 1179648K
  class space    used 16406K, committed 16896K, reserved 1048576K
}
Event: 730.440 GC heap after
{Heap after GC invocations=143 (full 4):
 garbage-first heap   total 324608K, used 73733K [0x0000000084e00000, 0x0000000100000000)
  region size 1024K, 4 young (4096K), 4 survivors (4096K)
 Metaspace       used 120920K, committed 121856K, reserved 1179648K
  class space    used 16406K, committed 16896K, reserved 1048576K
}
Event: 810.805 GC heap before
{Heap before GC invocations=144 (full 4):
 garbage-first heap   total 249856K, used 95237K [0x0000000084e00000, 0x0000000100000000)
  region size 1024K, 30 young (30720K), 4 survivors (4096K)
 Metaspace       used 120907K, committed 121856K, reserved 1179648K
  class space    used 16402K, committed 16896K, reserved 1048576K
}

