# JRE version: OpenJDK Runtime Environment Temurin-21.0.3+9 (21.0.3+9) (build 21.0.3+9-LTS)
# Java VM: OpenJDK 64-Bit Server VM Temurin-21.0.3+9 (21.0.3+9-LTS, mixed mode, emulated-client, tiered, compressed oops, compressed class ptrs, g1 gc, windows-amd64)
GC Precious Log:
 CardTable entry size: 512
 Card Set container configuration: InlinePtr #cards 5 size 8 Array Of Cards #cards 12 size 40 Howl #buckets 4 coarsen threshold 1843 Howl Bitmap #cards 512 size 80 coarsen threshold 460 Card regions per heap region 1 cards per card region 2048
 CPUs: 16 total, 16 available
 Memory: 7876M
 Large Page Support: Disabled
 NUMA Support: Disabled
 Compressed Oops: Enabled (32-bit)
 Heap Region Size: 1M
 Heap Min Capacity: 8M
 Heap Initial Capacity: 124M
 Heap Max Capacity: 1970M
 Pre-touch: Disabled
 Parallel Workers: 13
 Concurrent Workers: 3
 Concurrent Refinement Workers: 13
 Periodic GC: Disabled
Heap:
 garbage-first heap   total 261120K, used 173197K [0x0000000084e00000, 0x0000000100000000)
  region size 1024K, 94 young (96256K), 2 survivors (2048K)
 Metaspace       used 122099K, committed 123136K, reserved 1179648K
  class space    used 16548K, committed 17024K, reserved 1048576K
GC Heap History (20 events):
Event: 63516.446 GC heap after
{Heap after GC invocations=154 (full 5):
 garbage-first heap   total 203776K, used 73963K [0x0000000084e00000, 0x0000000100000000)
  region size 1024K, 11 young (11264K), 11 survivors (11264K)
 Metaspace       used 122051K, committed 123072K, reserved 1179648K
  class space    used 16539K, committed 17024K, reserved 1048576K
}
Event: 63516.884 GC heap before
{Heap before GC invocations=154 (full 5):
 garbage-first heap   total 203776K, used 199915K [0x0000000084e00000, 0x0000000100000000)
  region size 1024K, 114 young (116736K), 11 survivors (11264K)
 Metaspace       used 122052K, committed 123072K, reserved 1179648K
  class space    used 16540K, committed 17024K, reserved 1048576K
}
Event: 63516.901 GC heap after
{Heap after GC invocations=155 (full 5):
 garbage-first heap   total 217088K, used 85125K [0x0000000084e00000, 0x0000000100000000)
  region size 1024K, 10 young (10240K), 10 survivors (10240K)
 Metaspace       used 122052K, committed 123072K, reserved 1179648K
  class space    used 16540K, committed 17024K, reserved 1048576K
}
Event: 63516.980 GC heap before
{Heap before GC invocations=155 (full 5):
 garbage-first heap   total 217088K, used 108677K [0x0000000084e00000, 0x0000000100000000)
  region size 1024K, 34 young (34816K), 10 survivors (10240K)
 Metaspace       used 122052K, committed 123072K, reserved 1179648K
  class space    used 16540K, committed 17024K, reserved 1048576K
}
Event: 63516.987 GC heap after
{Heap after GC invocations=156 (full 5):
 garbage-first heap   total 217088K, used 83987K [0x0000000084e00000, 0x0000000100000000)
  region size 1024K, 7 young (7168K), 7 survivors (7168K)
 Metaspace       used 122052K, committed 123072K, reserved 1179648K
  class space    used 16540K, committed 17024K, reserved 1048576K
}
Event: 63517.358 GC heap before
{Heap before GC invocations=157 (full 5):
 garbage-first heap   total 217088K, used 189459K [0x0000000084e00000, 0x0000000100000000)
  region size 1024K, 117 young (119808K), 7 survivors (7168K)
 Metaspace       used 122052K, committed 123072K, reserved 1179648K
  class space    used 16540K, committed 17024K, reserved 1048576K
}
Event: 63517.364 GC heap after
{Heap after GC invocations=158 (full 5):
 garbage-first heap   total 217088K, used 76911K [0x0000000084e00000, 0x0000000100000000)
  region size 1024K, 7 young (7168K), 7 survivors (7168K)
 Metaspace       used 122052K, committed 123072K, reserved 1179648K
  class space    used 16540K, committed 17024K, reserved 1048576K
}
Event: 63517.644 GC heap before
{Heap before GC invocations=158 (full 5):
 garbage-first heap   total 217088K, used 196719K [0x0000000084e00000, 0x0000000100000000)
  region size 1024K, 124 young (126976K), 7 survivors (7168K)
 Metaspace       used 122052K, committed 123072K, reserved 1179648K
  class space    used 16540K, committed 17024K, reserved 1048576K
}
Event: 63517.650 GC heap after
{Heap after GC invocations=159 (full 5):
 garbage-first heap   total 217088K, used 74150K [0x0000000084e00000, 0x0000000100000000)
  region size 1024K, 7 young (7168K), 7 survivors (7168K)
 Metaspace       used 122052K, committed 123072K, reserved 1179648K
  class space    used 16540K, committed 17024K, reserved 1048576K
}
Event: 63517.984 GC heap before
{Heap before GC invocations=159 (full 5):
 garbage-first heap   total 217088K, used 197030K [0x0000000084e00000, 0x0000000100000000)
  region size 1024K, 127 young (130048K), 7 survivors (7168K)
 Metaspace       used 122052K, committed 123072K, reserved 1179648K
  class space    used 16540K, committed 17024K, reserved 1048576K
}
Event: 63517.989 GC heap after
{Heap after GC invocations=160 (full 5):
 garbage-first heap   total 217088K, used 75253K [0x0000000084e00000, 0x0000000100000000)
  region size 1024K, 8 young (8192K), 8 survivors (8192K)
 Metaspace       used 122052K, committed 123072K, reserved 1179648K
  class space    used 16540K, committed 17024K, reserved 1048576K
}
Event: 63518.304 GC heap before
{Heap before GC invocations=161 (full 5):
 garbage-first heap   total 217088K, used 196085K [0x0000000084e00000, 0x0000000100000000)
  region size 1024K, 126 young (129024K), 8 survivors (8192K)
 Metaspace       used 122054K, committed 123072K, reserved 1179648K
  class space    used 16540K, committed 17024K, reserved 1048576K
}
Event: 63518.313 GC heap after
{Heap after GC invocations=162 (full 5):
 garbage-first heap   total 261120K, used 75862K [0x0000000084e00000, 0x0000000100000000)
  region size 1024K, 9 young (9216K), 9 survivors (9216K)
 Metaspace       used 122054K, committed 123072K, reserved 1179648K
  class space    used 16540K, committed 17024K, reserved 1048576K
}
Event: 63518.861 GC heap before
{Heap before GC invocations=162 (full 5):
 garbage-first heap   total 261120K, used 223318K [0x0000000084e00000, 0x0000000100000000)
  region size 1024K, 153 young (156672K), 9 survivors (9216K)
 Metaspace       used 122054K, committed 123072K, reserved 1179648K
  class space    used 16540K, committed 17024K, reserved 1048576K
}
Event: 63518.886 GC heap after
{Heap after GC invocations=163 (full 5):
 garbage-first heap   total 261120K, used 92091K [0x0000000084e00000, 0x0000000100000000)
  region size 1024K, 20 young (20480K), 20 survivors (20480K)
 Metaspace       used 122054K, committed 123072K, reserved 1179648K
  class space    used 16540K, committed 17024K, reserved 1048576K
}
Event: 63519.461 GC heap before
{Heap before GC invocations=163 (full 5):
 garbage-first heap   total 261120K, used 224187K [0x0000000084e00000, 0x0000000100000000)
  region size 1024K, 150 young (153600K), 20 survivors (20480K)
 Metaspace       used 122054K, committed 123072K, reserved 1179648K
  class space    used 16540K, committed 17024K, reserved 1048576K
}
Event: 63519.469 GC heap after
{Heap after GC invocations=164 (full 5):
 garbage-first heap   total 261120K, used 82149K [0x0000000084e00000, 0x0000000100000000)
  region size 1024K, 4 young (4096K), 4 survivors (4096K)
 Metaspace       used 122054K, committed 123072K, reserved 1179648K
  class space    used 16540K, committed 17024K, reserved 1048576K
}
Event: 63520.298 GC heap before
{Heap before GC invocations=165 (full 5):
 garbage-first heap   total 261120K, used 234725K [0x0000000084e00000, 0x0000000100000000)
  region size 1024K, 153 young (156672K), 4 survivors (4096K)
 Metaspace       used 122056K, committed 123072K, reserved 1179648K
  class space    used 16541K, committed 17024K, reserved 1048576K
}
Event: 63520.302 GC heap after
{Heap after GC invocations=166 (full 5):
 garbage-first heap   total 261120K, used 80011K [0x0000000084e00000, 0x0000000100000000)
  region size 1024K, 2 young (2048K), 2 survivors (2048K)
 Metaspace       used 122056K, committed 123072K, reserved 1179648K
  class space    used 16541K, committed 17024K, reserved 1048576K
}
Event: 63648.021 GC heap before
{Heap before GC invocations=166 (full 5):
 garbage-first heap   total 261120K, used 173195K [0x0000000084e00000, 0x0000000100000000)
  region size 1024K, 94 young (96256K), 2 survivors (2048K)
 Metaspace       used 122099K, committed 123136K, reserved 1179648K
  class space    used 16548K, committed 17024K, reserved 1048576K
}

