# JRE version: OpenJDK Runtime Environment Temurin-21.0.3+9 (21.0.3+9) (build 21.0.3+9-LTS)
# Java VM: OpenJDK 64-Bit Server VM Temurin-21.0.3+9 (21.0.3+9-LTS, mixed mode, emulated-client, tiered, compressed oops, compressed class ptrs, g1 gc, windows-amd64)
GC Precious Log:
 CardTable entry size: 512
 Card Set container configuration: InlinePtr #cards 5 size 8 Array Of Cards #cards 12 size 40 Howl #buckets 4 coarsen threshold 1843 Howl Bitmap #cards 512 size 80 coarsen threshold 460 Card regions per heap region 1 cards per card region 2048
 CPUs: 16 total, 16 available
 Memory: 7876M
 Large Page Support: Disabled
 NUMA Support: Disabled
 Compressed Oops: Enabled (32-bit)
 Heap Region Size: 1M
 Heap Min Capacity: 8M
 Heap Initial Capacity: 124M
 Heap Max Capacity: 1970M
 Pre-touch: Disabled
 Parallel Workers: 13
 Concurrent Workers: 3
 Concurrent Refinement Workers: 13
 Periodic GC: Disabled
Heap:
 garbage-first heap   total 252928K, used 81073K [0x0000000084e00000, 0x0000000100000000)
  region size 1024K, 20 young (20480K), 9 survivors (9216K)
 Metaspace       used 134212K, committed 135360K, reserved 1179648K
  class space    used 17736K, committed 18240K, reserved 1048576K
GC Heap History (20 events):
Event: 3370.255 GC heap after
{Heap after GC invocations=409 (full 17):
 garbage-first heap   total 181248K, used 68772K [0x0000000084e00000, 0x0000000100000000)
  region size 1024K, 5 young (5120K), 5 survivors (5120K)
 Metaspace       used 133391K, committed 134784K, reserved 1179648K
  class space    used 17641K, committed 18176K, reserved 1048576K
}
Event: 3371.229 GC heap before
{Heap before GC invocations=409 (full 17):
 garbage-first heap   total 181248K, used 117924K [0x0000000084e00000, 0x0000000100000000)
  region size 1024K, 54 young (55296K), 5 survivors (5120K)
 Metaspace       used 133620K, committed 134784K, reserved 1179648K
  class space    used 17687K, committed 18176K, reserved 1048576K
}
Event: 3371.237 GC heap after
{Heap after GC invocations=410 (full 17):
 garbage-first heap   total 181248K, used 70309K [0x0000000084e00000, 0x0000000100000000)
  region size 1024K, 7 young (7168K), 7 survivors (7168K)
 Metaspace       used 133620K, committed 134784K, reserved 1179648K
  class space    used 17687K, committed 18176K, reserved 1048576K
}
Event: 3372.039 GC heap before
{Heap before GC invocations=411 (full 17):
 garbage-first heap   total 181248K, used 100005K [0x0000000084e00000, 0x0000000100000000)
  region size 1024K, 37 young (37888K), 7 survivors (7168K)
 Metaspace       used 134127K, committed 135296K, reserved 1179648K
  class space    used 17726K, committed 18240K, reserved 1048576K
}
Event: 3372.056 GC heap after
{Heap after GC invocations=412 (full 17):
 garbage-first heap   total 181248K, used 73166K [0x0000000084e00000, 0x0000000100000000)
  region size 1024K, 10 young (10240K), 10 survivors (10240K)
 Metaspace       used 134127K, committed 135296K, reserved 1179648K
  class space    used 17726K, committed 18240K, reserved 1048576K
}
Event: 3373.325 GC heap before
{Heap before GC invocations=413 (full 17):
 garbage-first heap   total 181248K, used 163278K [0x0000000084e00000, 0x0000000100000000)
  region size 1024K, 92 young (94208K), 10 survivors (10240K)
 Metaspace       used 134177K, committed 135360K, reserved 1179648K
  class space    used 17733K, committed 18240K, reserved 1048576K
}
Event: 3373.336 GC heap after
{Heap after GC invocations=414 (full 17):
 garbage-first heap   total 362496K, used 79187K [0x0000000084e00000, 0x0000000100000000)
  region size 1024K, 8 young (8192K), 8 survivors (8192K)
 Metaspace       used 134177K, committed 135360K, reserved 1179648K
  class space    used 17733K, committed 18240K, reserved 1048576K
}
Event: 3374.626 GC heap before
{Heap before GC invocations=414 (full 17):
 garbage-first heap   total 362496K, used 301395K [0x0000000084e00000, 0x0000000100000000)
  region size 1024K, 212 young (217088K), 8 survivors (8192K)
 Metaspace       used 134177K, committed 135360K, reserved 1179648K
  class space    used 17733K, committed 18240K, reserved 1048576K
}
Event: 3374.632 GC heap after
{Heap after GC invocations=415 (full 17):
 garbage-first heap   total 362496K, used 85098K [0x0000000084e00000, 0x0000000100000000)
  region size 1024K, 8 young (8192K), 8 survivors (8192K)
 Metaspace       used 134177K, committed 135360K, reserved 1179648K
  class space    used 17733K, committed 18240K, reserved 1048576K
}
Event: 3375.061 GC heap before
{Heap before GC invocations=415 (full 17):
 garbage-first heap   total 362496K, used 293994K [0x0000000084e00000, 0x0000000100000000)
  region size 1024K, 212 young (217088K), 8 survivors (8192K)
 Metaspace       used 134179K, committed 135360K, reserved 1179648K
  class space    used 17733K, committed 18240K, reserved 1048576K
}
Event: 3375.067 GC heap after
{Heap after GC invocations=416 (full 17):
 garbage-first heap   total 362496K, used 85141K [0x0000000084e00000, 0x0000000100000000)
  region size 1024K, 8 young (8192K), 8 survivors (8192K)
 Metaspace       used 134179K, committed 135360K, reserved 1179648K
  class space    used 17733K, committed 18240K, reserved 1048576K
}
Event: 3375.952 GC heap before
{Heap before GC invocations=417 (full 17):
 garbage-first heap   total 324608K, used 268437K [0x0000000084e00000, 0x0000000100000000)
  region size 1024K, 190 young (194560K), 8 survivors (8192K)
 Metaspace       used 134179K, committed 135360K, reserved 1179648K
  class space    used 17733K, committed 18240K, reserved 1048576K
}
Event: 3375.958 GC heap after
{Heap after GC invocations=418 (full 17):
 garbage-first heap   total 324608K, used 83212K [0x0000000084e00000, 0x0000000100000000)
  region size 1024K, 10 young (10240K), 10 survivors (10240K)
 Metaspace       used 134179K, committed 135360K, reserved 1179648K
  class space    used 17733K, committed 18240K, reserved 1048576K
}
Event: 3376.955 GC heap before
{Heap before GC invocations=418 (full 17):
 garbage-first heap   total 324608K, used 267532K [0x0000000084e00000, 0x0000000100000000)
  region size 1024K, 190 young (194560K), 10 survivors (10240K)
 Metaspace       used 134179K, committed 135360K, reserved 1179648K
  class space    used 17733K, committed 18240K, reserved 1048576K
}
Event: 3376.964 GC heap after
{Heap after GC invocations=419 (full 17):
 garbage-first heap   total 324608K, used 81870K [0x0000000084e00000, 0x0000000100000000)
  region size 1024K, 11 young (11264K), 11 survivors (11264K)
 Metaspace       used 134179K, committed 135360K, reserved 1179648K
  class space    used 17733K, committed 18240K, reserved 1048576K
}
Event: 3377.944 GC heap before
{Heap before GC invocations=419 (full 17):
 garbage-first heap   total 324608K, used 265166K [0x0000000084e00000, 0x0000000100000000)
  region size 1024K, 190 young (194560K), 11 survivors (11264K)
 Metaspace       used 134179K, committed 135360K, reserved 1179648K
  class space    used 17733K, committed 18240K, reserved 1048576K
}
Event: 3377.951 GC heap after
{Heap after GC invocations=420 (full 17):
 garbage-first heap   total 324608K, used 80480K [0x0000000084e00000, 0x0000000100000000)
  region size 1024K, 10 young (10240K), 10 survivors (10240K)
 Metaspace       used 134179K, committed 135360K, reserved 1179648K
  class space    used 17733K, committed 18240K, reserved 1048576K
}
Event: 3393.777 GC heap before
{Heap before GC invocations=421 (full 17):
 garbage-first heap   total 301056K, used 200288K [0x0000000084e00000, 0x0000000100000000)
  region size 1024K, 129 young (132096K), 10 survivors (10240K)
 Metaspace       used 134225K, committed 135360K, reserved 1179648K
  class space    used 17741K, committed 18240K, reserved 1048576K
}
Event: 3393.787 GC heap after
{Heap after GC invocations=422 (full 17):
 garbage-first heap   total 301056K, used 70441K [0x0000000084e00000, 0x0000000100000000)
  region size 1024K, 9 young (9216K), 9 survivors (9216K)
 Metaspace       used 134225K, committed 135360K, reserved 1179648K
  class space    used 17741K, committed 18240K, reserved 1048576K
}
Event: 3437.974 GC heap before
{Heap before GC invocations=423 (full 17):
 garbage-first heap   total 252928K, used 80681K [0x0000000084e00000, 0x0000000100000000)
  region size 1024K, 20 young (20480K), 9 survivors (9216K)
 Metaspace       used 134212K, committed 135360K, reserved 1179648K
  class space    used 17736K, committed 18240K, reserved 1048576K
}

