# JRE version: OpenJDK Runtime Environment Temurin-21.0.3+9 (21.0.3+9) (build 21.0.3+9-LTS)
# Java VM: OpenJDK 64-Bit Server VM Temurin-21.0.3+9 (21.0.3+9-LTS, mixed mode, emulated-client, tiered, compressed oops, compressed class ptrs, g1 gc, windows-amd64)
GC Precious Log:
 CardTable entry size: 512
 Card Set container configuration: InlinePtr #cards 5 size 8 Array Of Cards #cards 12 size 40 Howl #buckets 4 coarsen threshold 1843 Howl Bitmap #cards 512 size 80 coarsen threshold 460 Card regions per heap region 1 cards per card region 2048
 CPUs: 16 total, 16 available
 Memory: 7876M
 Large Page Support: Disabled
 NUMA Support: Disabled
 Compressed Oops: Enabled (32-bit)
 Heap Region Size: 1M
 Heap Min Capacity: 8M
 Heap Initial Capacity: 124M
 Heap Max Capacity: 1970M
 Pre-touch: Disabled
 Parallel Workers: 13
 Concurrent Workers: 3
 Concurrent Refinement Workers: 13
 Periodic GC: Disabled
Heap:
 garbage-first heap   total 304128K, used 123003K [0x0000000084e00000, 0x0000000100000000)
  region size 1024K, 38 young (38912K), 2 survivors (2048K)
 Metaspace       used 211179K, committed 213824K, reserved 1245184K
  class space    used 25814K, committed 27072K, reserved 1048576K
GC Heap History (20 events):
Event: 608024.820 GC heap after
{Heap after GC invocations=1746 (full 70):
 garbage-first heap   total 232448K, used 99275K [0x0000000084e00000, 0x0000000100000000)
  region size 1024K, 11 young (11264K), 11 survivors (11264K)
 Metaspace       used 211201K, committed 213696K, reserved 1245184K
  class space    used 25826K, committed 27008K, reserved 1048576K
}
Event: 608025.192 GC heap before
{Heap before GC invocations=1746 (full 70):
 garbage-first heap   total 232448K, used 219083K [0x0000000084e00000, 0x0000000100000000)
  region size 1024K, 114 young (116736K), 11 survivors (11264K)
 Metaspace       used 211201K, committed 213696K, reserved 1245184K
  class space    used 25826K, committed 27008K, reserved 1048576K
}
Event: 608025.202 GC heap after
{Heap after GC invocations=1747 (full 70):
 garbage-first heap   total 233472K, used 103617K [0x0000000084e00000, 0x0000000100000000)
  region size 1024K, 2 young (2048K), 2 survivors (2048K)
 Metaspace       used 211201K, committed 213696K, reserved 1245184K
  class space    used 25826K, committed 27008K, reserved 1048576K
}
Event: 608025.606 GC heap before
{Heap before GC invocations=1747 (full 70):
 garbage-first heap   total 233472K, used 211137K [0x0000000084e00000, 0x0000000100000000)
  region size 1024K, 107 young (109568K), 2 survivors (2048K)
 Metaspace       used 211201K, committed 213696K, reserved 1245184K
  class space    used 25826K, committed 27008K, reserved 1048576K
}
Event: 608025.612 GC heap after
{Heap after GC invocations=1748 (full 70):
 garbage-first heap   total 233472K, used 103855K [0x0000000084e00000, 0x0000000100000000)
  region size 1024K, 2 young (2048K), 2 survivors (2048K)
 Metaspace       used 211201K, committed 213696K, reserved 1245184K
  class space    used 25826K, committed 27008K, reserved 1048576K
}
Event: 608025.975 GC heap before
{Heap before GC invocations=1749 (full 70):
 garbage-first heap   total 233472K, used 209327K [0x0000000084e00000, 0x0000000100000000)
  region size 1024K, 109 young (111616K), 2 survivors (2048K)
 Metaspace       used 211198K, committed 213696K, reserved 1245184K
  class space    used 25826K, committed 27008K, reserved 1048576K
}
Event: 608025.979 GC heap after
{Heap after GC invocations=1750 (full 70):
 garbage-first heap   total 233472K, used 98765K [0x0000000084e00000, 0x0000000100000000)
  region size 1024K, 1 young (1024K), 1 survivors (1024K)
 Metaspace       used 211198K, committed 213696K, reserved 1245184K
  class space    used 25826K, committed 27008K, reserved 1048576K
}
Event: 608026.181 GC heap before
{Heap before GC invocations=1750 (full 70):
 garbage-first heap   total 233472K, used 215501K [0x0000000084e00000, 0x0000000100000000)
  region size 1024K, 115 young (117760K), 1 survivors (1024K)
 Metaspace       used 211200K, committed 213696K, reserved 1245184K
  class space    used 25826K, committed 27008K, reserved 1048576K
}
Event: 608026.184 GC heap after
{Heap after GC invocations=1751 (full 70):
 garbage-first heap   total 233472K, used 95412K [0x0000000084e00000, 0x0000000100000000)
  region size 1024K, 1 young (1024K), 1 survivors (1024K)
 Metaspace       used 211200K, committed 213696K, reserved 1245184K
  class space    used 25826K, committed 27008K, reserved 1048576K
}
Event: 608026.555 GC heap before
{Heap before GC invocations=1751 (full 70):
 garbage-first heap   total 233472K, used 216244K [0x0000000084e00000, 0x0000000100000000)
  region size 1024K, 119 young (121856K), 1 survivors (1024K)
 Metaspace       used 211200K, committed 213696K, reserved 1245184K
  class space    used 25826K, committed 27008K, reserved 1048576K
}
Event: 608026.559 GC heap after
{Heap after GC invocations=1752 (full 70):
 garbage-first heap   total 233472K, used 98751K [0x0000000084e00000, 0x0000000100000000)
  region size 1024K, 4 young (4096K), 4 survivors (4096K)
 Metaspace       used 211200K, committed 213696K, reserved 1245184K
  class space    used 25826K, committed 27008K, reserved 1048576K
}
Event: 608026.828 GC heap before
{Heap before GC invocations=1753 (full 70):
 garbage-first heap   total 233472K, used 213439K [0x0000000084e00000, 0x0000000100000000)
  region size 1024K, 116 young (118784K), 4 survivors (4096K)
 Metaspace       used 211200K, committed 213696K, reserved 1245184K
  class space    used 25826K, committed 27008K, reserved 1048576K
}
Event: 608026.841 GC heap after
{Heap after GC invocations=1754 (full 70):
 garbage-first heap   total 234496K, used 112794K [0x0000000084e00000, 0x0000000100000000)
  region size 1024K, 15 young (15360K), 15 survivors (15360K)
 Metaspace       used 211200K, committed 213696K, reserved 1245184K
  class space    used 25826K, committed 27008K, reserved 1048576K
}
Event: 608027.061 GC heap before
{Heap before GC invocations=1754 (full 70):
 garbage-first heap   total 234496K, used 203930K [0x0000000084e00000, 0x0000000100000000)
  region size 1024K, 104 young (106496K), 15 survivors (15360K)
 Metaspace       used 211200K, committed 213696K, reserved 1245184K
  class space    used 25826K, committed 27008K, reserved 1048576K
}
Event: 608027.065 GC heap after
{Heap after GC invocations=1755 (full 70):
 garbage-first heap   total 312320K, used 99073K [0x0000000084e00000, 0x0000000100000000)
  region size 1024K, 5 young (5120K), 5 survivors (5120K)
 Metaspace       used 211200K, committed 213696K, reserved 1245184K
  class space    used 25826K, committed 27008K, reserved 1048576K
}
Event: 608027.556 GC heap before
{Heap before GC invocations=1755 (full 70):
 garbage-first heap   total 312320K, used 279297K [0x0000000084e00000, 0x0000000100000000)
  region size 1024K, 181 young (185344K), 5 survivors (5120K)
 Metaspace       used 211200K, committed 213696K, reserved 1245184K
  class space    used 25826K, committed 27008K, reserved 1048576K
}
Event: 608027.560 GC heap after
{Heap after GC invocations=1756 (full 70):
 garbage-first heap   total 312320K, used 95122K [0x0000000084e00000, 0x0000000100000000)
  region size 1024K, 1 young (1024K), 1 survivors (1024K)
 Metaspace       used 211200K, committed 213696K, reserved 1245184K
  class space    used 25826K, committed 27008K, reserved 1048576K
}
Event: 608030.680 GC heap before
{Heap before GC invocations=1757 (full 70):
 garbage-first heap   total 312320K, used 219026K [0x0000000084e00000, 0x0000000100000000)
  region size 1024K, 124 young (126976K), 1 survivors (1024K)
 Metaspace       used 211254K, committed 213824K, reserved 1245184K
  class space    used 25835K, committed 27072K, reserved 1048576K
}
Event: 608030.688 GC heap after
{Heap after GC invocations=1758 (full 70):
 garbage-first heap   total 312320K, used 86208K [0x0000000084e00000, 0x0000000100000000)
  region size 1024K, 2 young (2048K), 2 survivors (2048K)
 Metaspace       used 211254K, committed 213824K, reserved 1245184K
  class space    used 25835K, committed 27072K, reserved 1048576K
}
Event: 608266.768 GC heap before
{Heap before GC invocations=1759 (full 70):
 garbage-first heap   total 304128K, used 122048K [0x0000000084e00000, 0x0000000100000000)
  region size 1024K, 38 young (38912K), 2 survivors (2048K)
 Metaspace       used 211179K, committed 213824K, reserved 1245184K
  class space    used 25814K, committed 27072K, reserved 1048576K
}

