# JRE version: OpenJDK Runtime Environment Temurin-21.0.3+9 (21.0.3+9) (build 21.0.3+9-LTS)
# Java VM: OpenJDK 64-Bit Server VM Temurin-21.0.3+9 (21.0.3+9-LTS, mixed mode, emulated-client, tiered, compressed oops, compressed class ptrs, g1 gc, windows-amd64)
GC Precious Log:
 CardTable entry size: 512
 Card Set container configuration: InlinePtr #cards 5 size 8 Array Of Cards #cards 12 size 40 Howl #buckets 4 coarsen threshold 1843 Howl Bitmap #cards 512 size 80 coarsen threshold 460 Card regions per heap region 1 cards per card region 2048
 CPUs: 16 total, 16 available
 Memory: 7876M
 Large Page Support: Disabled
 NUMA Support: Disabled
 Compressed Oops: Enabled (32-bit)
 Heap Region Size: 1M
 Heap Min Capacity: 8M
 Heap Initial Capacity: 124M
 Heap Max Capacity: 1970M
 Pre-touch: Disabled
 Parallel Workers: 13
 Concurrent Workers: 3
 Concurrent Refinement Workers: 13
 Periodic GC: Disabled
Heap:
 garbage-first heap   total 249856K, used 237355K [0x0000000084e00000, 0x0000000100000000)
  region size 1024K, 145 young (148480K), 8 survivors (8192K)
 Metaspace       used 134708K, committed 135936K, reserved 1179648K
  class space    used 17803K, committed 18432K, reserved 1048576K
GC Heap History (20 events):
Event: 5997.142 GC heap after
{Heap after GC invocations=403 (full 17):
 garbage-first heap   total 260096K, used 85721K [0x0000000084e00000, 0x0000000100000000)
  region size 1024K, 2 young (2048K), 2 survivors (2048K)
 Metaspace       used 133429K, committed 134592K, reserved 1179648K
  class space    used 17668K, committed 18240K, reserved 1048576K
}
Event: 5997.698 GC heap before
{Heap before GC invocations=404 (full 17):
 garbage-first heap   total 260096K, used 232822K [0x0000000084e00000, 0x0000000100000000)
  region size 1024K, 153 young (156672K), 2 survivors (2048K)
 Metaspace       used 133426K, committed 134592K, reserved 1179648K
  class space    used 17667K, committed 18240K, reserved 1048576K
}
Event: 5997.701 GC heap after
{Heap after GC invocations=405 (full 17):
 garbage-first heap   total 260096K, used 78464K [0x0000000084e00000, 0x0000000100000000)
  region size 1024K, 2 young (2048K), 2 survivors (2048K)
 Metaspace       used 133426K, committed 134592K, reserved 1179648K
  class space    used 17667K, committed 18240K, reserved 1048576K
}
Event: 5999.645 GC heap before
{Heap before GC invocations=405 (full 17):
 garbage-first heap   total 260096K, used 232064K [0x0000000084e00000, 0x0000000100000000)
  region size 1024K, 152 young (155648K), 2 survivors (2048K)
 Metaspace       used 133497K, committed 134720K, reserved 1179648K
  class space    used 17679K, committed 18304K, reserved 1048576K
}
Event: 5999.649 GC heap after
{Heap after GC invocations=406 (full 17):
 garbage-first heap   total 260096K, used 66435K [0x0000000084e00000, 0x0000000100000000)
  region size 1024K, 2 young (2048K), 2 survivors (2048K)
 Metaspace       used 133497K, committed 134720K, reserved 1179648K
  class space    used 17679K, committed 18304K, reserved 1048576K
}
Event: 6005.175 GC heap before
{Heap before GC invocations=406 (full 17):
 garbage-first heap   total 260096K, used 87939K [0x0000000084e00000, 0x0000000100000000)
  region size 1024K, 25 young (25600K), 2 survivors (2048K)
 Metaspace       used 133789K, committed 134976K, reserved 1179648K
  class space    used 17707K, committed 18304K, reserved 1048576K
}
Event: 6005.183 GC heap after
{Heap after GC invocations=407 (full 17):
 garbage-first heap   total 260096K, used 67718K [0x0000000084e00000, 0x0000000100000000)
  region size 1024K, 3 young (3072K), 3 survivors (3072K)
 Metaspace       used 133789K, committed 134976K, reserved 1179648K
  class space    used 17707K, committed 18304K, reserved 1048576K
}
Event: 6005.894 GC heap before
{Heap before GC invocations=408 (full 17):
 garbage-first heap   total 242688K, used 81030K [0x0000000084e00000, 0x0000000100000000)
  region size 1024K, 18 young (18432K), 3 survivors (3072K)
 Metaspace       used 133835K, committed 135040K, reserved 1179648K
  class space    used 17719K, committed 18304K, reserved 1048576K
}
Event: 6005.899 GC heap after
{Heap after GC invocations=409 (full 17):
 garbage-first heap   total 242688K, used 67764K [0x0000000084e00000, 0x0000000100000000)
  region size 1024K, 3 young (3072K), 3 survivors (3072K)
 Metaspace       used 133835K, committed 135040K, reserved 1179648K
  class space    used 17719K, committed 18304K, reserved 1048576K
}
Event: 6106.818 GC heap before
{Heap before GC invocations=410 (full 17):
 garbage-first heap   total 242688K, used 116916K [0x0000000084e00000, 0x0000000100000000)
  region size 1024K, 52 young (53248K), 3 survivors (3072K)
 Metaspace       used 133843K, committed 135040K, reserved 1179648K
  class space    used 17721K, committed 18304K, reserved 1048576K
}
Event: 6107.077 GC heap after
{Heap after GC invocations=411 (full 18):
 garbage-first heap   total 191488K, used 53916K [0x0000000084e00000, 0x0000000100000000)
  region size 1024K, 0 young (0K), 0 survivors (0K)
 Metaspace       used 133814K, committed 135040K, reserved 1179648K
  class space    used 17716K, committed 18304K, reserved 1048576K
}
Event: 6108.508 GC heap before
{Heap before GC invocations=411 (full 18):
 garbage-first heap   total 191488K, used 167580K [0x0000000084e00000, 0x0000000100000000)
  region size 1024K, 112 young (114688K), 0 survivors (0K)
 Metaspace       used 134068K, committed 135296K, reserved 1179648K
  class space    used 17749K, committed 18368K, reserved 1048576K
}
Event: 6108.519 GC heap after
{Heap after GC invocations=412 (full 18):
 garbage-first heap   total 191488K, used 62108K [0x0000000084e00000, 0x0000000100000000)
  region size 1024K, 8 young (8192K), 8 survivors (8192K)
 Metaspace       used 134068K, committed 135296K, reserved 1179648K
  class space    used 17749K, committed 18368K, reserved 1048576K
}
Event: 6108.817 GC heap before
{Heap before GC invocations=413 (full 18):
 garbage-first heap   total 191488K, used 168604K [0x0000000084e00000, 0x0000000100000000)
  region size 1024K, 112 young (114688K), 8 survivors (8192K)
 Metaspace       used 134068K, committed 135296K, reserved 1179648K
  class space    used 17749K, committed 18368K, reserved 1048576K
}
Event: 6108.830 GC heap after
{Heap after GC invocations=414 (full 18):
 garbage-first heap   total 249856K, used 71145K [0x0000000084e00000, 0x0000000100000000)
  region size 1024K, 10 young (10240K), 10 survivors (10240K)
 Metaspace       used 134068K, committed 135296K, reserved 1179648K
  class space    used 17749K, committed 18368K, reserved 1048576K
}
Event: 6109.344 GC heap before
{Heap before GC invocations=414 (full 18):
 garbage-first heap   total 249856K, used 159209K [0x0000000084e00000, 0x0000000100000000)
  region size 1024K, 98 young (100352K), 10 survivors (10240K)
 Metaspace       used 134096K, committed 135360K, reserved 1179648K
  class space    used 17758K, committed 18368K, reserved 1048576K
}
Event: 6109.349 GC heap after
{Heap after GC invocations=415 (full 18):
 garbage-first heap   total 249856K, used 73653K [0x0000000084e00000, 0x0000000100000000)
  region size 1024K, 12 young (12288K), 12 survivors (12288K)
 Metaspace       used 134096K, committed 135360K, reserved 1179648K
  class space    used 17758K, committed 18368K, reserved 1048576K
}
Event: 6109.809 GC heap before
{Heap before GC invocations=416 (full 18):
 garbage-first heap   total 249856K, used 105397K [0x0000000084e00000, 0x0000000100000000)
  region size 1024K, 44 young (45056K), 12 survivors (12288K)
 Metaspace       used 134592K, committed 135808K, reserved 1179648K
  class space    used 17796K, committed 18368K, reserved 1048576K
}
Event: 6109.854 GC heap after
{Heap after GC invocations=417 (full 18):
 garbage-first heap   total 249856K, used 76587K [0x0000000084e00000, 0x0000000100000000)
  region size 1024K, 6 young (6144K), 6 survivors (6144K)
 Metaspace       used 134592K, committed 135808K, reserved 1179648K
  class space    used 17796K, committed 18368K, reserved 1048576K
}
Event: 6110.864 GC heap before
{Heap before GC invocations=418 (full 18):
 garbage-first heap   total 249856K, used 237355K [0x0000000084e00000, 0x0000000100000000)
  region size 1024K, 143 young (146432K), 6 survivors (6144K)
 Metaspace       used 134708K, committed 135936K, reserved 1179648K
  class space    used 17803K, committed 18432K, reserved 1048576K
}

