# JRE version: OpenJDK Runtime Environment Temurin-21.0.3+9 (21.0.3+9) (build 21.0.3+9-LTS)
# Java VM: OpenJDK 64-Bit Server VM Temurin-21.0.3+9 (21.0.3+9-LTS, mixed mode, emulated-client, tiered, compressed oops, compressed class ptrs, g1 gc, windows-amd64)
GC Precious Log:
 CardTable entry size: 512
 Card Set container configuration: InlinePtr #cards 5 size 8 Array Of Cards #cards 12 size 40 Howl #buckets 4 coarsen threshold 1843 Howl Bitmap #cards 512 size 80 coarsen threshold 460 Card regions per heap region 1 cards per card region 2048
 CPUs: 16 total, 16 available
 Memory: 7876M
 Large Page Support: Disabled
 NUMA Support: Disabled
 Compressed Oops: Enabled (32-bit)
 Heap Region Size: 1M
 Heap Min Capacity: 8M
 Heap Initial Capacity: 124M
 Heap Max Capacity: 1970M
 Pre-touch: Disabled
 Parallel Workers: 13
 Concurrent Workers: 3
 Concurrent Refinement Workers: 13
 Periodic GC: Disabled
Heap:
 garbage-first heap   total 171008K, used 121029K [0x0000000084e00000, 0x0000000100000000)
  region size 1024K, 62 young (63488K), 8 survivors (8192K)
 Metaspace       used 112935K, committed 113792K, reserved 1179648K
  class space    used 15163K, committed 15616K, reserved 1048576K
GC Heap History (20 events):
Event: 504.928 GC heap after
{Heap after GC invocations=141 (full 5):
 garbage-first heap   total 256000K, used 78331K [0x0000000084e00000, 0x0000000100000000)
  region size 1024K, 7 young (7168K), 7 survivors (7168K)
 Metaspace       used 112509K, committed 113344K, reserved 1179648K
  class space    used 15112K, committed 15552K, reserved 1048576K
}
Event: 505.474 GC heap before
{Heap before GC invocations=141 (full 5):
 garbage-first heap   total 256000K, used 224763K [0x0000000084e00000, 0x0000000100000000)
  region size 1024K, 150 young (153600K), 7 survivors (7168K)
 Metaspace       used 112509K, committed 113344K, reserved 1179648K
  class space    used 15112K, committed 15552K, reserved 1048576K
}
Event: 505.480 GC heap after
{Heap after GC invocations=142 (full 5):
 garbage-first heap   total 256000K, used 79815K [0x0000000084e00000, 0x0000000100000000)
  region size 1024K, 8 young (8192K), 8 survivors (8192K)
 Metaspace       used 112509K, committed 113344K, reserved 1179648K
  class space    used 15112K, committed 15552K, reserved 1048576K
}
Event: 505.897 GC heap before
{Heap before GC invocations=142 (full 5):
 garbage-first heap   total 256000K, used 225223K [0x0000000084e00000, 0x0000000100000000)
  region size 1024K, 150 young (153600K), 8 survivors (8192K)
 Metaspace       used 112509K, committed 113344K, reserved 1179648K
  class space    used 15112K, committed 15552K, reserved 1048576K
}
Event: 505.913 GC heap after
{Heap after GC invocations=143 (full 5):
 garbage-first heap   total 258048K, used 100071K [0x0000000084e00000, 0x0000000100000000)
  region size 1024K, 19 young (19456K), 19 survivors (19456K)
 Metaspace       used 112509K, committed 113344K, reserved 1179648K
  class space    used 15112K, committed 15552K, reserved 1048576K
}
Event: 506.084 GC heap before
{Heap before GC invocations=143 (full 5):
 garbage-first heap   total 258048K, used 219879K [0x0000000084e00000, 0x0000000100000000)
  region size 1024K, 136 young (139264K), 19 survivors (19456K)
 Metaspace       used 112509K, committed 113344K, reserved 1179648K
  class space    used 15112K, committed 15552K, reserved 1048576K
}
Event: 506.090 GC heap after
{Heap after GC invocations=144 (full 5):
 garbage-first heap   total 258048K, used 93666K [0x0000000084e00000, 0x0000000100000000)
  region size 1024K, 6 young (6144K), 6 survivors (6144K)
 Metaspace       used 112509K, committed 113344K, reserved 1179648K
  class space    used 15112K, committed 15552K, reserved 1048576K
}
Event: 506.702 GC heap before
{Heap before GC invocations=145 (full 5):
 garbage-first heap   total 258048K, used 228834K [0x0000000084e00000, 0x0000000100000000)
  region size 1024K, 138 young (141312K), 6 survivors (6144K)
 Metaspace       used 112509K, committed 113344K, reserved 1179648K
  class space    used 15112K, committed 15552K, reserved 1048576K
}
Event: 506.706 GC heap after
{Heap after GC invocations=146 (full 5):
 garbage-first heap   total 258048K, used 91159K [0x0000000084e00000, 0x0000000100000000)
  region size 1024K, 3 young (3072K), 3 survivors (3072K)
 Metaspace       used 112509K, committed 113344K, reserved 1179648K
  class space    used 15112K, committed 15552K, reserved 1048576K
}
Event: 507.349 GC heap before
{Heap before GC invocations=146 (full 5):
 garbage-first heap   total 258048K, used 232471K [0x0000000084e00000, 0x0000000100000000)
  region size 1024K, 141 young (144384K), 3 survivors (3072K)
 Metaspace       used 112509K, committed 113344K, reserved 1179648K
  class space    used 15112K, committed 15552K, reserved 1048576K
}
Event: 507.354 GC heap after
{Heap after GC invocations=147 (full 5):
 garbage-first heap   total 258048K, used 88807K [0x0000000084e00000, 0x0000000100000000)
  region size 1024K, 4 young (4096K), 4 survivors (4096K)
 Metaspace       used 112509K, committed 113344K, reserved 1179648K
  class space    used 15112K, committed 15552K, reserved 1048576K
}
Event: 683.710 GC heap before
{Heap before GC invocations=147 (full 5):
 garbage-first heap   total 258048K, used 135911K [0x0000000084e00000, 0x0000000100000000)
  region size 1024K, 52 young (53248K), 4 survivors (4096K)
 Metaspace       used 112594K, committed 113472K, reserved 1179648K
  class space    used 15131K, committed 15552K, reserved 1048576K
}
Event: 683.986 GC heap after
{Heap after GC invocations=148 (full 6):
 garbage-first heap   total 171008K, used 47398K [0x0000000084e00000, 0x0000000100000000)
  region size 1024K, 0 young (0K), 0 survivors (0K)
 Metaspace       used 112591K, committed 113472K, reserved 1179648K
  class space    used 15130K, committed 15552K, reserved 1048576K
}
Event: 685.127 GC heap before
{Heap before GC invocations=148 (full 6):
 garbage-first heap   total 171008K, used 148774K [0x0000000084e00000, 0x0000000100000000)
  region size 1024K, 100 young (102400K), 0 survivors (0K)
 Metaspace       used 112697K, committed 113536K, reserved 1179648K
  class space    used 15148K, committed 15552K, reserved 1048576K
}
Event: 685.139 GC heap after
{Heap after GC invocations=149 (full 6):
 garbage-first heap   total 171008K, used 54436K [0x0000000084e00000, 0x0000000100000000)
  region size 1024K, 7 young (7168K), 7 survivors (7168K)
 Metaspace       used 112697K, committed 113536K, reserved 1179648K
  class space    used 15148K, committed 15552K, reserved 1048576K
}
Event: 685.572 GC heap before
{Heap before GC invocations=150 (full 6):
 garbage-first heap   total 171008K, used 149668K [0x0000000084e00000, 0x0000000100000000)
  region size 1024K, 100 young (102400K), 7 survivors (7168K)
 Metaspace       used 112437K, committed 113536K, reserved 1179648K
  class space    used 15101K, committed 15552K, reserved 1048576K
}
Event: 685.597 GC heap after
{Heap after GC invocations=151 (full 6):
 garbage-first heap   total 171008K, used 61839K [0x0000000084e00000, 0x0000000100000000)
  region size 1024K, 13 young (13312K), 13 survivors (13312K)
 Metaspace       used 112437K, committed 113536K, reserved 1179648K
  class space    used 15101K, committed 15552K, reserved 1048576K
}
Event: 686.048 GC heap before
{Heap before GC invocations=151 (full 6):
 garbage-first heap   total 171008K, used 143759K [0x0000000084e00000, 0x0000000100000000)
  region size 1024K, 93 young (95232K), 13 survivors (13312K)
 Metaspace       used 112467K, committed 113536K, reserved 1179648K
  class space    used 15109K, committed 15552K, reserved 1048576K
}
Event: 686.056 GC heap after
{Heap after GC invocations=152 (full 6):
 garbage-first heap   total 171008K, used 66368K [0x0000000084e00000, 0x0000000100000000)
  region size 1024K, 4 young (4096K), 4 survivors (4096K)
 Metaspace       used 112467K, committed 113536K, reserved 1179648K
  class space    used 15109K, committed 15552K, reserved 1048576K
}
Event: 686.601 GC heap before
{Heap before GC invocations=152 (full 6):
 garbage-first heap   total 171008K, used 120640K [0x0000000084e00000, 0x0000000100000000)
  region size 1024K, 58 young (59392K), 4 survivors (4096K)
 Metaspace       used 112935K, committed 113792K, reserved 1179648K
  class space    used 15163K, committed 15616K, reserved 1048576K
}

