# JRE version: OpenJDK Runtime Environment Temurin-21.0.3+9 (21.0.3+9) (build 21.0.3+9-LTS)
# Java VM: OpenJDK 64-Bit Server VM Temurin-21.0.3+9 (21.0.3+9-LTS, mixed mode, emulated-client, tiered, compressed oops, compressed class ptrs, g1 gc, windows-amd64)
GC Precious Log:
 CardTable entry size: 512
 Card Set container configuration: InlinePtr #cards 5 size 8 Array Of Cards #cards 12 size 40 Howl #buckets 4 coarsen threshold 1843 Howl Bitmap #cards 512 size 80 coarsen threshold 460 Card regions per heap region 1 cards per card region 2048
 CPUs: 16 total, 16 available
 Memory: 7876M
 Large Page Support: Disabled
 NUMA Support: Disabled
 Compressed Oops: Enabled (32-bit)
 Heap Region Size: 1M
 Heap Min Capacity: 8M
 Heap Initial Capacity: 124M
 Heap Max Capacity: 1970M
 Pre-touch: Disabled
 Parallel Workers: 13
 Concurrent Workers: 3
 Concurrent Refinement Workers: 13
 Periodic GC: Disabled
Heap:
 garbage-first heap   total 249856K, used 151033K [0x0000000084e00000, 0x0000000100000000)
  region size 1024K, 81 young (82944K), 2 survivors (2048K)
 Metaspace       used 125889K, committed 126848K, reserved 1179648K
  class space    used 16854K, committed 17280K, reserved 1048576K
GC Heap History (20 events):
Event: 1407.510 GC heap after
{Heap after GC invocations=228 (full 9):
 garbage-first heap   total 215040K, used 70817K [0x0000000084e00000, 0x0000000100000000)
  region size 1024K, 10 young (10240K), 10 survivors (10240K)
 Metaspace       used 125596K, committed 126528K, reserved 1179648K
  class space    used 16819K, committed 17216K, reserved 1048576K
}
Event: 1408.485 GC heap before
{Heap before GC invocations=229 (full 9):
 garbage-first heap   total 215040K, used 210081K [0x0000000084e00000, 0x0000000100000000)
  region size 1024K, 126 young (129024K), 10 survivors (10240K)
 Metaspace       used 125601K, committed 126528K, reserved 1179648K
  class space    used 16821K, committed 17216K, reserved 1048576K
}
Event: 1408.502 GC heap after
{Heap after GC invocations=230 (full 9):
 garbage-first heap   total 223232K, used 81660K [0x0000000084e00000, 0x0000000100000000)
  region size 1024K, 6 young (6144K), 6 survivors (6144K)
 Metaspace       used 125601K, committed 126528K, reserved 1179648K
  class space    used 16821K, committed 17216K, reserved 1048576K
}
Event: 1408.881 GC heap before
{Heap before GC invocations=230 (full 9):
 garbage-first heap   total 223232K, used 203516K [0x0000000084e00000, 0x0000000100000000)
  region size 1024K, 125 young (128000K), 6 survivors (6144K)
 Metaspace       used 125601K, committed 126528K, reserved 1179648K
  class space    used 16821K, committed 17216K, reserved 1048576K
}
Event: 1408.886 GC heap after
{Heap after GC invocations=231 (full 9):
 garbage-first heap   total 223232K, used 81163K [0x0000000084e00000, 0x0000000100000000)
  region size 1024K, 6 young (6144K), 6 survivors (6144K)
 Metaspace       used 125601K, committed 126528K, reserved 1179648K
  class space    used 16821K, committed 17216K, reserved 1048576K
}
Event: 1409.208 GC heap before
{Heap before GC invocations=231 (full 9):
 garbage-first heap   total 223232K, used 203019K [0x0000000084e00000, 0x0000000100000000)
  region size 1024K, 125 young (128000K), 6 survivors (6144K)
 Metaspace       used 125601K, committed 126528K, reserved 1179648K
  class space    used 16821K, committed 17216K, reserved 1048576K
}
Event: 1409.213 GC heap after
{Heap after GC invocations=232 (full 9):
 garbage-first heap   total 223232K, used 80869K [0x0000000084e00000, 0x0000000100000000)
  region size 1024K, 6 young (6144K), 6 survivors (6144K)
 Metaspace       used 125601K, committed 126528K, reserved 1179648K
  class space    used 16821K, committed 17216K, reserved 1048576K
}
Event: 1409.570 GC heap before
{Heap before GC invocations=233 (full 9):
 garbage-first heap   total 223232K, used 197605K [0x0000000084e00000, 0x0000000100000000)
  region size 1024K, 125 young (128000K), 6 survivors (6144K)
 Metaspace       used 125601K, committed 126528K, reserved 1179648K
  class space    used 16821K, committed 17216K, reserved 1048576K
}
Event: 1409.575 GC heap after
{Heap after GC invocations=234 (full 9):
 garbage-first heap   total 268288K, used 75989K [0x0000000084e00000, 0x0000000100000000)
  region size 1024K, 6 young (6144K), 6 survivors (6144K)
 Metaspace       used 125601K, committed 126528K, reserved 1179648K
  class space    used 16821K, committed 17216K, reserved 1048576K
}
Event: 1409.957 GC heap before
{Heap before GC invocations=234 (full 9):
 garbage-first heap   total 268288K, used 230613K [0x0000000084e00000, 0x0000000100000000)
  region size 1024K, 157 young (160768K), 6 survivors (6144K)
 Metaspace       used 125601K, committed 126528K, reserved 1179648K
  class space    used 16821K, committed 17216K, reserved 1048576K
}
Event: 1409.962 GC heap after
{Heap after GC invocations=235 (full 9):
 garbage-first heap   total 268288K, used 73022K [0x0000000084e00000, 0x0000000100000000)
  region size 1024K, 6 young (6144K), 6 survivors (6144K)
 Metaspace       used 125601K, committed 126528K, reserved 1179648K
  class space    used 16821K, committed 17216K, reserved 1048576K
}
Event: 1410.227 GC heap before
{Heap before GC invocations=235 (full 9):
 garbage-first heap   total 268288K, used 226622K [0x0000000084e00000, 0x0000000100000000)
  region size 1024K, 157 young (160768K), 6 survivors (6144K)
 Metaspace       used 125603K, committed 126528K, reserved 1179648K
  class space    used 16821K, committed 17216K, reserved 1048576K
}
Event: 1410.240 GC heap after
{Heap after GC invocations=236 (full 9):
 garbage-first heap   total 268288K, used 94126K [0x0000000084e00000, 0x0000000100000000)
  region size 1024K, 20 young (20480K), 20 survivors (20480K)
 Metaspace       used 125603K, committed 126528K, reserved 1179648K
  class space    used 16821K, committed 17216K, reserved 1048576K
}
Event: 1410.808 GC heap before
{Heap before GC invocations=237 (full 9):
 garbage-first heap   total 268288K, used 232366K [0x0000000084e00000, 0x0000000100000000)
  region size 1024K, 155 young (158720K), 20 survivors (20480K)
 Metaspace       used 125603K, committed 126528K, reserved 1179648K
  class space    used 16821K, committed 17216K, reserved 1048576K
}
Event: 1410.818 GC heap after
{Heap after GC invocations=238 (full 9):
 garbage-first heap   total 268288K, used 90077K [0x0000000084e00000, 0x0000000100000000)
  region size 1024K, 5 young (5120K), 5 survivors (5120K)
 Metaspace       used 125603K, committed 126528K, reserved 1179648K
  class space    used 16821K, committed 17216K, reserved 1048576K
}
Event: 1411.315 GC heap before
{Heap before GC invocations=238 (full 9):
 garbage-first heap   total 268288K, used 242653K [0x0000000084e00000, 0x0000000100000000)
  region size 1024K, 154 young (157696K), 5 survivors (5120K)
 Metaspace       used 125603K, committed 126528K, reserved 1179648K
  class space    used 16821K, committed 17216K, reserved 1048576K
}
Event: 1411.320 GC heap after
{Heap after GC invocations=239 (full 9):
 garbage-first heap   total 268288K, used 87314K [0x0000000084e00000, 0x0000000100000000)
  region size 1024K, 4 young (4096K), 4 survivors (4096K)
 Metaspace       used 125603K, committed 126528K, reserved 1179648K
  class space    used 16821K, committed 17216K, reserved 1048576K
}
Event: 1411.817 GC heap before
{Heap before GC invocations=239 (full 9):
 garbage-first heap   total 268288K, used 160018K [0x0000000084e00000, 0x0000000100000000)
  region size 1024K, 77 young (78848K), 4 survivors (4096K)
 Metaspace       used 125636K, committed 126592K, reserved 1179648K
  class space    used 16827K, committed 17280K, reserved 1048576K
}
Event: 1411.825 GC heap after
{Heap after GC invocations=240 (full 9):
 garbage-first heap   total 268288K, used 76279K [0x0000000084e00000, 0x0000000100000000)
  region size 1024K, 2 young (2048K), 2 survivors (2048K)
 Metaspace       used 125636K, committed 126592K, reserved 1179648K
  class space    used 16827K, committed 17280K, reserved 1048576K
}
Event: 1551.327 GC heap before
{Heap before GC invocations=241 (full 9):
 garbage-first heap   total 249856K, used 150007K [0x0000000084e00000, 0x0000000100000000)
  region size 1024K, 81 young (82944K), 2 survivors (2048K)
 Metaspace       used 125889K, committed 126848K, reserved 1179648K
  class space    used 16854K, committed 17280K, reserved 1048576K
}

