# JRE version: OpenJDK Runtime Environment Temurin-21.0.3+9 (21.0.3+9) (build 21.0.3+9-LTS)
# Java VM: OpenJDK 64-Bit Server VM Temurin-21.0.3+9 (21.0.3+9-LTS, mixed mode, emulated-client, tiered, compressed oops, compressed class ptrs, g1 gc, windows-amd64)
GC Precious Log:
 CardTable entry size: 512
 Card Set container configuration: InlinePtr #cards 5 size 8 Array Of Cards #cards 12 size 40 Howl #buckets 4 coarsen threshold 1843 Howl Bitmap #cards 512 size 80 coarsen threshold 460 Card regions per heap region 1 cards per card region 2048
 CPUs: 16 total, 16 available
 Memory: 7876M
 Large Page Support: Disabled
 NUMA Support: Disabled
 Compressed Oops: Enabled (32-bit)
 Heap Region Size: 1M
 Heap Min Capacity: 8M
 Heap Initial Capacity: 124M
 Heap Max Capacity: 1970M
 Pre-touch: Disabled
 Parallel Workers: 13
 Concurrent Workers: 3
 Concurrent Refinement Workers: 13
 Periodic GC: Disabled
Heap:
 garbage-first heap   total 174080K, used 153619K [0x0000000084e00000, 0x0000000100000000)
  region size 1024K, 108 young (110592K), 13 survivors (13312K)
 Metaspace       used 117695K, committed 118784K, reserved 1179648K
  class space    used 15946K, committed 16448K, reserved 1048576K
GC Heap History (20 events):
Event: 179.105 GC heap after
{Heap after GC invocations=97 (full 3):
 garbage-first heap   total 221184K, used 78808K [0x0000000084e00000, 0x0000000100000000)
  region size 1024K, 6 young (6144K), 6 survivors (6144K)
 Metaspace       used 117390K, committed 118336K, reserved 1179648K
  class space    used 15920K, committed 16384K, reserved 1048576K
}
Event: 179.471 GC heap before
{Heap before GC invocations=97 (full 3):
 garbage-first heap   total 221184K, used 200664K [0x0000000084e00000, 0x0000000100000000)
  region size 1024K, 125 young (128000K), 6 survivors (6144K)
 Metaspace       used 117390K, committed 118336K, reserved 1179648K
  class space    used 15920K, committed 16384K, reserved 1048576K
}
Event: 179.483 GC heap after
{Heap after GC invocations=98 (full 3):
 garbage-first heap   total 221184K, used 78773K [0x0000000084e00000, 0x0000000100000000)
  region size 1024K, 6 young (6144K), 6 survivors (6144K)
 Metaspace       used 117390K, committed 118336K, reserved 1179648K
  class space    used 15920K, committed 16384K, reserved 1048576K
}
Event: 179.801 GC heap before
{Heap before GC invocations=99 (full 3):
 garbage-first heap   total 221184K, used 198581K [0x0000000084e00000, 0x0000000100000000)
  region size 1024K, 125 young (128000K), 6 survivors (6144K)
 Metaspace       used 117390K, committed 118336K, reserved 1179648K
  class space    used 15920K, committed 16384K, reserved 1048576K
}
Event: 179.807 GC heap after
{Heap after GC invocations=100 (full 3):
 garbage-first heap   total 221184K, used 83520K [0x0000000084e00000, 0x0000000100000000)
  region size 1024K, 13 young (13312K), 13 survivors (13312K)
 Metaspace       used 117390K, committed 118336K, reserved 1179648K
  class space    used 15920K, committed 16384K, reserved 1048576K
}
Event: 180.043 GC heap before
{Heap before GC invocations=100 (full 3):
 garbage-first heap   total 221184K, used 193088K [0x0000000084e00000, 0x0000000100000000)
  region size 1024K, 120 young (122880K), 13 survivors (13312K)
 Metaspace       used 117390K, committed 118336K, reserved 1179648K
  class space    used 15920K, committed 16384K, reserved 1048576K
}
Event: 180.048 GC heap after
{Heap after GC invocations=101 (full 3):
 garbage-first heap   total 221184K, used 75198K [0x0000000084e00000, 0x0000000100000000)
  region size 1024K, 3 young (3072K), 3 survivors (3072K)
 Metaspace       used 117390K, committed 118336K, reserved 1179648K
  class space    used 15920K, committed 16384K, reserved 1048576K
}
Event: 180.244 GC heap before
{Heap before GC invocations=101 (full 3):
 garbage-first heap   total 221184K, used 203198K [0x0000000084e00000, 0x0000000100000000)
  region size 1024K, 128 young (131072K), 3 survivors (3072K)
 Metaspace       used 117390K, committed 118336K, reserved 1179648K
  class space    used 15920K, committed 16384K, reserved 1048576K
}
Event: 180.254 GC heap after
{Heap after GC invocations=102 (full 3):
 garbage-first heap   total 270336K, used 92419K [0x0000000084e00000, 0x0000000100000000)
  region size 1024K, 16 young (16384K), 16 survivors (16384K)
 Metaspace       used 117390K, committed 118336K, reserved 1179648K
  class space    used 15920K, committed 16384K, reserved 1048576K
}
Event: 180.464 GC heap before
{Heap before GC invocations=103 (full 3):
 garbage-first heap   total 270336K, used 234755K [0x0000000084e00000, 0x0000000100000000)
  region size 1024K, 155 young (158720K), 16 survivors (16384K)
 Metaspace       used 117386K, committed 118336K, reserved 1179648K
  class space    used 15919K, committed 16384K, reserved 1048576K
}
Event: 180.470 GC heap after
{Heap after GC invocations=104 (full 3):
 garbage-first heap   total 270336K, used 82469K [0x0000000084e00000, 0x0000000100000000)
  region size 1024K, 6 young (6144K), 6 survivors (6144K)
 Metaspace       used 117386K, committed 118336K, reserved 1179648K
  class space    used 15919K, committed 16384K, reserved 1048576K
}
Event: 180.738 GC heap before
{Heap before GC invocations=104 (full 3):
 garbage-first heap   total 270336K, used 237093K [0x0000000084e00000, 0x0000000100000000)
  region size 1024K, 157 young (160768K), 6 survivors (6144K)
 Metaspace       used 117386K, committed 118336K, reserved 1179648K
  class space    used 15919K, committed 16384K, reserved 1048576K
}
Event: 180.743 GC heap after
{Heap after GC invocations=105 (full 3):
 garbage-first heap   total 270336K, used 79179K [0x0000000084e00000, 0x0000000100000000)
  region size 1024K, 6 young (6144K), 6 survivors (6144K)
 Metaspace       used 117386K, committed 118336K, reserved 1179648K
  class space    used 15919K, committed 16384K, reserved 1048576K
}
Event: 182.026 GC heap before
{Heap before GC invocations=105 (full 3):
 garbage-first heap   total 270336K, used 210251K [0x0000000084e00000, 0x0000000100000000)
  region size 1024K, 135 young (138240K), 6 survivors (6144K)
 Metaspace       used 117386K, committed 118336K, reserved 1179648K
  class space    used 15919K, committed 16384K, reserved 1048576K
}
Event: 182.028 GC heap after
{Heap after GC invocations=106 (full 3):
 garbage-first heap   total 270336K, used 66176K [0x0000000084e00000, 0x0000000100000000)
  region size 1024K, 2 young (2048K), 2 survivors (2048K)
 Metaspace       used 117386K, committed 118336K, reserved 1179648K
  class space    used 15919K, committed 16384K, reserved 1048576K
}
Event: 298.669 GC heap before
{Heap before GC invocations=107 (full 3):
 garbage-first heap   total 222208K, used 96896K [0x0000000084e00000, 0x0000000100000000)
  region size 1024K, 35 young (35840K), 2 survivors (2048K)
 Metaspace       used 117606K, committed 118592K, reserved 1179648K
  class space    used 15940K, committed 16448K, reserved 1048576K
}
Event: 298.735 GC heap after
{Heap after GC invocations=108 (full 4):
 garbage-first heap   total 174080K, used 49357K [0x0000000084e00000, 0x0000000100000000)
  region size 1024K, 0 young (0K), 0 survivors (0K)
 Metaspace       used 117606K, committed 118592K, reserved 1179648K
  class space    used 15940K, committed 16448K, reserved 1048576K
}
Event: 299.471 GC heap before
{Heap before GC invocations=108 (full 4):
 garbage-first heap   total 174080K, used 152781K [0x0000000084e00000, 0x0000000100000000)
  region size 1024K, 102 young (104448K), 0 survivors (0K)
 Metaspace       used 117905K, committed 118848K, reserved 1179648K
  class space    used 15983K, committed 16448K, reserved 1048576K
}
Event: 299.477 GC heap after
{Heap after GC invocations=109 (full 4):
 garbage-first heap   total 174080K, used 56339K [0x0000000084e00000, 0x0000000100000000)
  region size 1024K, 7 young (7168K), 7 survivors (7168K)
 Metaspace       used 117905K, committed 118848K, reserved 1179648K
  class space    used 15983K, committed 16448K, reserved 1048576K
}
Event: 299.763 GC heap before
{Heap before GC invocations=110 (full 4):
 garbage-first heap   total 174080K, used 153619K [0x0000000084e00000, 0x0000000100000000)
  region size 1024K, 102 young (104448K), 7 survivors (7168K)
 Metaspace       used 117695K, committed 118784K, reserved 1179648K
  class space    used 15946K, committed 16448K, reserved 1048576K
}

