# JRE version: OpenJDK Runtime Environment Temurin-21.0.3+9 (21.0.3+9) (build 21.0.3+9-LTS)
# Java VM: OpenJDK 64-Bit Server VM Temurin-21.0.3+9 (21.0.3+9-LTS, mixed mode, emulated-client, tiered, compressed oops, compressed class ptrs, g1 gc, windows-amd64)
GC Precious Log:
 CardTable entry size: 512
 Card Set container configuration: InlinePtr #cards 5 size 8 Array Of Cards #cards 12 size 40 Howl #buckets 4 coarsen threshold 1843 Howl Bitmap #cards 512 size 80 coarsen threshold 460 Card regions per heap region 1 cards per card region 2048
 CPUs: 16 total, 16 available
 Memory: 7876M
 Large Page Support: Disabled
 NUMA Support: Disabled
 Compressed Oops: Enabled (32-bit)
 Heap Region Size: 1M
 Heap Min Capacity: 8M
 Heap Initial Capacity: 124M
 Heap Max Capacity: 1970M
 Pre-touch: Disabled
 Parallel Workers: 13
 Concurrent Workers: 3
 Concurrent Refinement Workers: 13
 Periodic GC: Disabled
Heap:
 garbage-first heap   total 268288K, used 224277K [0x0000000084e00000, 0x0000000100000000)
  region size 1024K, 130 young (133120K), 7 survivors (7168K)
 Metaspace       used 186656K, committed 188544K, reserved 1245184K
  class space    used 23321K, committed 24192K, reserved 1048576K
GC Heap History (20 events):
Event: 83918.447 GC heap before
{Heap before GC invocations=1212 (full 52):
 garbage-first heap   total 222208K, used 201207K [0x0000000084e00000, 0x0000000100000000)
  region size 1024K, 117 young (119808K), 11 survivors (11264K)
 Metaspace       used 186303K, committed 188096K, reserved 1245184K
  class space    used 23281K, committed 24128K, reserved 1048576K
}
Event: 83918.463 GC heap after
{Heap after GC invocations=1213 (full 52):
 garbage-first heap   total 223232K, used 97032K [0x0000000084e00000, 0x0000000100000000)
  region size 1024K, 13 young (13312K), 13 survivors (13312K)
 Metaspace       used 186303K, committed 188096K, reserved 1245184K
  class space    used 23281K, committed 24128K, reserved 1048576K
}
Event: 83919.068 GC heap before
{Heap before GC invocations=1213 (full 52):
 garbage-first heap   total 223232K, used 208648K [0x0000000084e00000, 0x0000000100000000)
  region size 1024K, 108 young (110592K), 13 survivors (13312K)
 Metaspace       used 186303K, committed 188096K, reserved 1245184K
  class space    used 23281K, committed 24128K, reserved 1048576K
}
Event: 83919.078 GC heap after
{Heap after GC invocations=1214 (full 52):
 garbage-first heap   total 223232K, used 101041K [0x0000000084e00000, 0x0000000100000000)
  region size 1024K, 6 young (6144K), 6 survivors (6144K)
 Metaspace       used 186303K, committed 188096K, reserved 1245184K
  class space    used 23281K, committed 24128K, reserved 1048576K
}
Event: 83919.571 GC heap before
{Heap before GC invocations=1214 (full 52):
 garbage-first heap   total 223232K, used 203441K [0x0000000084e00000, 0x0000000100000000)
  region size 1024K, 106 young (108544K), 6 survivors (6144K)
 Metaspace       used 186303K, committed 188096K, reserved 1245184K
  class space    used 23281K, committed 24128K, reserved 1048576K
}
Event: 83919.577 GC heap after
{Heap after GC invocations=1215 (full 52):
 garbage-first heap   total 223232K, used 99963K [0x0000000084e00000, 0x0000000100000000)
  region size 1024K, 5 young (5120K), 5 survivors (5120K)
 Metaspace       used 186303K, committed 188096K, reserved 1245184K
  class space    used 23281K, committed 24128K, reserved 1048576K
}
Event: 83919.753 GC heap before
{Heap before GC invocations=1216 (full 52):
 garbage-first heap   total 223232K, used 199291K [0x0000000084e00000, 0x0000000100000000)
  region size 1024K, 107 young (109568K), 5 survivors (5120K)
 Metaspace       used 186303K, committed 188096K, reserved 1245184K
  class space    used 23281K, committed 24128K, reserved 1048576K
}
Event: 83919.758 GC heap after
{Heap after GC invocations=1217 (full 52):
 garbage-first heap   total 223232K, used 95622K [0x0000000084e00000, 0x0000000100000000)
  region size 1024K, 5 young (5120K), 5 survivors (5120K)
 Metaspace       used 186303K, committed 188096K, reserved 1245184K
  class space    used 23281K, committed 24128K, reserved 1048576K
}
Event: 83920.631 GC heap before
{Heap before GC invocations=1217 (full 52):
 garbage-first heap   total 223232K, used 203142K [0x0000000084e00000, 0x0000000100000000)
  region size 1024K, 111 young (113664K), 5 survivors (5120K)
 Metaspace       used 186305K, committed 188096K, reserved 1245184K
  class space    used 23281K, committed 24128K, reserved 1048576K
}
Event: 83920.644 GC heap after
{Heap after GC invocations=1218 (full 52):
 garbage-first heap   total 223232K, used 92396K [0x0000000084e00000, 0x0000000100000000)
  region size 1024K, 6 young (6144K), 6 survivors (6144K)
 Metaspace       used 186305K, committed 188096K, reserved 1245184K
  class space    used 23281K, committed 24128K, reserved 1048576K
}
Event: 83921.315 GC heap before
{Heap before GC invocations=1218 (full 52):
 garbage-first heap   total 223232K, used 202988K [0x0000000084e00000, 0x0000000100000000)
  region size 1024K, 114 young (116736K), 6 survivors (6144K)
 Metaspace       used 186305K, committed 188096K, reserved 1245184K
  class space    used 23281K, committed 24128K, reserved 1048576K
}
Event: 83921.320 GC heap after
{Heap after GC invocations=1219 (full 52):
 garbage-first heap   total 223232K, used 92253K [0x0000000084e00000, 0x0000000100000000)
  region size 1024K, 6 young (6144K), 6 survivors (6144K)
 Metaspace       used 186305K, committed 188096K, reserved 1245184K
  class space    used 23281K, committed 24128K, reserved 1048576K
}
Event: 83922.464 GC heap before
{Heap before GC invocations=1220 (full 52):
 garbage-first heap   total 223232K, used 201821K [0x0000000084e00000, 0x0000000100000000)
  region size 1024K, 114 young (116736K), 6 survivors (6144K)
 Metaspace       used 186305K, committed 188096K, reserved 1245184K
  class space    used 23281K, committed 24128K, reserved 1048576K
}
Event: 83922.476 GC heap after
{Heap after GC invocations=1221 (full 52):
 garbage-first heap   total 223232K, used 98445K [0x0000000084e00000, 0x0000000100000000)
  region size 1024K, 12 young (12288K), 12 survivors (12288K)
 Metaspace       used 186305K, committed 188096K, reserved 1245184K
  class space    used 23281K, committed 24128K, reserved 1048576K
}
Event: 83923.213 GC heap before
{Heap before GC invocations=1221 (full 52):
 garbage-first heap   total 223232K, used 196749K [0x0000000084e00000, 0x0000000100000000)
  region size 1024K, 108 young (110592K), 12 survivors (12288K)
 Metaspace       used 186570K, committed 188416K, reserved 1245184K
  class space    used 23308K, committed 24128K, reserved 1048576K
}
Event: 83923.236 GC heap after
{Heap after GC invocations=1222 (full 52):
 garbage-first heap   total 268288K, used 105169K [0x0000000084e00000, 0x0000000100000000)
  region size 1024K, 14 young (14336K), 14 survivors (14336K)
 Metaspace       used 186570K, committed 188416K, reserved 1245184K
  class space    used 23308K, committed 24128K, reserved 1048576K
}
Event: 83923.850 GC heap before
{Heap before GC invocations=1222 (full 52):
 garbage-first heap   total 268288K, used 237265K [0x0000000084e00000, 0x0000000100000000)
  region size 1024K, 144 young (147456K), 14 survivors (14336K)
 Metaspace       used 186580K, committed 188416K, reserved 1245184K
  class space    used 23311K, committed 24128K, reserved 1048576K
}
Event: 83923.859 GC heap after
{Heap after GC invocations=1223 (full 52):
 garbage-first heap   total 268288K, used 102451K [0x0000000084e00000, 0x0000000100000000)
  region size 1024K, 10 young (10240K), 10 survivors (10240K)
 Metaspace       used 186580K, committed 188416K, reserved 1245184K
  class space    used 23311K, committed 24128K, reserved 1048576K
}
Event: 83924.773 GC heap before
{Heap before GC invocations=1224 (full 52):
 garbage-first heap   total 268288K, used 239667K [0x0000000084e00000, 0x0000000100000000)
  region size 1024K, 145 young (148480K), 10 survivors (10240K)
 Metaspace       used 186576K, committed 188416K, reserved 1245184K
  class space    used 23310K, committed 24128K, reserved 1048576K
}
Event: 83924.903 GC heap after
{Heap after GC invocations=1225 (full 52):
 garbage-first heap   total 268288K, used 99349K [0x0000000084e00000, 0x0000000100000000)
  region size 1024K, 7 young (7168K), 7 survivors (7168K)
 Metaspace       used 186576K, committed 188416K, reserved 1245184K
  class space    used 23310K, committed 24128K, reserved 1048576K
}

