# JRE version: OpenJDK Runtime Environment Temurin-21.0.3+9 (21.0.3+9) (build 21.0.3+9-LTS)
# Java VM: OpenJDK 64-Bit Server VM Temurin-21.0.3+9 (21.0.3+9-LTS, mixed mode, emulated-client, tiered, compressed oops, compressed class ptrs, g1 gc, windows-amd64)
GC Precious Log:
 CardTable entry size: 512
 Card Set container configuration: InlinePtr #cards 5 size 8 Array Of Cards #cards 12 size 40 Howl #buckets 4 coarsen threshold 1843 Howl Bitmap #cards 512 size 80 coarsen threshold 460 Card regions per heap region 1 cards per card region 2048
 CPUs: 16 total, 16 available
 Memory: 7876M
 Large Page Support: Disabled
 NUMA Support: Disabled
 Compressed Oops: Enabled (32-bit)
 Heap Region Size: 1M
 Heap Min Capacity: 8M
 Heap Initial Capacity: 124M
 Heap Max Capacity: 1970M
 Pre-touch: Disabled
 Parallel Workers: 13
 Concurrent Workers: 3
 Concurrent Refinement Workers: 13
 Periodic GC: Disabled
Heap:
 garbage-first heap   total 238592K, used 83094K [0x0000000084e00000, 0x0000000100000000)
  region size 1024K, 25 young (25600K), 2 survivors (2048K)
 Metaspace       used 120390K, committed 121216K, reserved 1179648K
  class space    used 16313K, committed 16704K, reserved 1048576K
GC Heap History (20 events):
Event: 674.785 GC heap after
{Heap after GC invocations=133 (full 4):
 garbage-first heap   total 198656K, used 79800K [0x0000000084e00000, 0x0000000100000000)
  region size 1024K, 6 young (6144K), 6 survivors (6144K)
 Metaspace       used 120342K, committed 121216K, reserved 1179648K
  class space    used 16305K, committed 16704K, reserved 1048576K
}
Event: 675.129 GC heap before
{Heap before GC invocations=133 (full 4):
 garbage-first heap   total 198656K, used 178104K [0x0000000084e00000, 0x0000000100000000)
  region size 1024K, 102 young (104448K), 6 survivors (6144K)
 Metaspace       used 120342K, committed 121216K, reserved 1179648K
  class space    used 16305K, committed 16704K, reserved 1048576K
}
Event: 675.133 GC heap after
{Heap after GC invocations=134 (full 4):
 garbage-first heap   total 198656K, used 78982K [0x0000000084e00000, 0x0000000100000000)
  region size 1024K, 5 young (5120K), 5 survivors (5120K)
 Metaspace       used 120342K, committed 121216K, reserved 1179648K
  class space    used 16305K, committed 16704K, reserved 1048576K
}
Event: 675.447 GC heap before
{Heap before GC invocations=135 (full 4):
 garbage-first heap   total 198656K, used 171142K [0x0000000084e00000, 0x0000000100000000)
  region size 1024K, 104 young (106496K), 5 survivors (5120K)
 Metaspace       used 120342K, committed 121216K, reserved 1179648K
  class space    used 16305K, committed 16704K, reserved 1048576K
}
Event: 675.451 GC heap after
{Heap after GC invocations=136 (full 4):
 garbage-first heap   total 198656K, used 72038K [0x0000000084e00000, 0x0000000100000000)
  region size 1024K, 7 young (7168K), 7 survivors (7168K)
 Metaspace       used 120342K, committed 121216K, reserved 1179648K
  class space    used 16305K, committed 16704K, reserved 1048576K
}
Event: 675.606 GC heap before
{Heap before GC invocations=136 (full 4):
 garbage-first heap   total 198656K, used 178534K [0x0000000084e00000, 0x0000000100000000)
  region size 1024K, 111 young (113664K), 7 survivors (7168K)
 Metaspace       used 120342K, committed 121216K, reserved 1179648K
  class space    used 16305K, committed 16704K, reserved 1048576K
}
Event: 675.610 GC heap after
{Heap after GC invocations=137 (full 4):
 garbage-first heap   total 198656K, used 71697K [0x0000000084e00000, 0x0000000100000000)
  region size 1024K, 9 young (9216K), 9 survivors (9216K)
 Metaspace       used 120342K, committed 121216K, reserved 1179648K
  class space    used 16305K, committed 16704K, reserved 1048576K
}
Event: 675.884 GC heap before
{Heap before GC invocations=137 (full 4):
 garbage-first heap   total 198656K, used 175121K [0x0000000084e00000, 0x0000000100000000)
  region size 1024K, 111 young (113664K), 9 survivors (9216K)
 Metaspace       used 120344K, committed 121216K, reserved 1179648K
  class space    used 16306K, committed 16704K, reserved 1048576K
}
Event: 675.889 GC heap after
{Heap after GC invocations=138 (full 4):
 garbage-first heap   total 198656K, used 71958K [0x0000000084e00000, 0x0000000100000000)
  region size 1024K, 5 young (5120K), 5 survivors (5120K)
 Metaspace       used 120344K, committed 121216K, reserved 1179648K
  class space    used 16306K, committed 16704K, reserved 1048576K
}
Event: 676.277 GC heap before
{Heap before GC invocations=139 (full 4):
 garbage-first heap   total 198656K, used 180502K [0x0000000084e00000, 0x0000000100000000)
  region size 1024K, 111 young (113664K), 5 survivors (5120K)
 Metaspace       used 120344K, committed 121216K, reserved 1179648K
  class space    used 16306K, committed 16704K, reserved 1048576K
}
Event: 676.281 GC heap after
{Heap after GC invocations=140 (full 4):
 garbage-first heap   total 198656K, used 74327K [0x0000000084e00000, 0x0000000100000000)
  region size 1024K, 8 young (8192K), 8 survivors (8192K)
 Metaspace       used 120344K, committed 121216K, reserved 1179648K
  class space    used 16306K, committed 16704K, reserved 1048576K
}
Event: 676.661 GC heap before
{Heap before GC invocations=140 (full 4):
 garbage-first heap   total 198656K, used 176727K [0x0000000084e00000, 0x0000000100000000)
  region size 1024K, 108 young (110592K), 8 survivors (8192K)
 Metaspace       used 120344K, committed 121216K, reserved 1179648K
  class space    used 16306K, committed 16704K, reserved 1048576K
}
Event: 676.684 GC heap after
{Heap after GC invocations=141 (full 4):
 garbage-first heap   total 198656K, used 83455K [0x0000000084e00000, 0x0000000100000000)
  region size 1024K, 14 young (14336K), 14 survivors (14336K)
 Metaspace       used 120344K, committed 121216K, reserved 1179648K
  class space    used 16306K, committed 16704K, reserved 1048576K
}
Event: 676.965 GC heap before
{Heap before GC invocations=141 (full 4):
 garbage-first heap   total 198656K, used 171519K [0x0000000084e00000, 0x0000000100000000)
  region size 1024K, 100 young (102400K), 14 survivors (14336K)
 Metaspace       used 120344K, committed 121216K, reserved 1179648K
  class space    used 16306K, committed 16704K, reserved 1048576K
}
Event: 676.975 GC heap after
{Heap after GC invocations=142 (full 4):
 garbage-first heap   total 238592K, used 81523K [0x0000000084e00000, 0x0000000100000000)
  region size 1024K, 12 young (12288K), 12 survivors (12288K)
 Metaspace       used 120344K, committed 121216K, reserved 1179648K
  class space    used 16306K, committed 16704K, reserved 1048576K
}
Event: 677.534 GC heap before
{Heap before GC invocations=143 (full 4):
 garbage-first heap   total 238592K, used 207475K [0x0000000084e00000, 0x0000000100000000)
  region size 1024K, 135 young (138240K), 12 survivors (12288K)
 Metaspace       used 120340K, committed 121216K, reserved 1179648K
  class space    used 16305K, committed 16704K, reserved 1048576K
}
Event: 677.538 GC heap after
{Heap after GC invocations=144 (full 4):
 garbage-first heap   total 238592K, used 75925K [0x0000000084e00000, 0x0000000100000000)
  region size 1024K, 6 young (6144K), 6 survivors (6144K)
 Metaspace       used 120340K, committed 121216K, reserved 1179648K
  class space    used 16305K, committed 16704K, reserved 1048576K
}
Event: 679.202 GC heap before
{Heap before GC invocations=144 (full 4):
 garbage-first heap   total 238592K, used 210069K [0x0000000084e00000, 0x0000000100000000)
  region size 1024K, 137 young (140288K), 6 survivors (6144K)
 Metaspace       used 120350K, committed 121216K, reserved 1179648K
  class space    used 16307K, committed 16704K, reserved 1048576K
}
Event: 679.208 GC heap after
{Heap after GC invocations=145 (full 4):
 garbage-first heap   total 238592K, used 59916K [0x0000000084e00000, 0x0000000100000000)
  region size 1024K, 2 young (2048K), 2 survivors (2048K)
 Metaspace       used 120350K, committed 121216K, reserved 1179648K
  class space    used 16307K, committed 16704K, reserved 1048576K
}
Event: 755.226 GC heap before
{Heap before GC invocations=145 (full 4):
 garbage-first heap   total 238592K, used 82444K [0x0000000084e00000, 0x0000000100000000)
  region size 1024K, 25 young (25600K), 2 survivors (2048K)
 Metaspace       used 120390K, committed 121216K, reserved 1179648K
  class space    used 16313K, committed 16704K, reserved 1048576K
}

