# JRE version: OpenJDK Runtime Environment Temurin-21.0.3+9 (21.0.3+9) (build 21.0.3+9-LTS)
# Java VM: OpenJDK 64-Bit Server VM Temurin-21.0.3+9 (21.0.3+9-LTS, mixed mode, emulated-client, tiered, compressed oops, compressed class ptrs, g1 gc, windows-amd64)
GC Precious Log:
 CardTable entry size: 512
 Card Set container configuration: InlinePtr #cards 5 size 8 Array Of Cards #cards 12 size 40 Howl #buckets 4 coarsen threshold 1843 Howl Bitmap #cards 512 size 80 coarsen threshold 460 Card regions per heap region 1 cards per card region 2048
 CPUs: 16 total, 16 available
 Memory: 7876M
 Large Page Support: Disabled
 NUMA Support: Disabled
 Compressed Oops: Enabled (32-bit)
 Heap Region Size: 1M
 Heap Min Capacity: 8M
 Heap Initial Capacity: 124M
 Heap Max Capacity: 1970M
 Pre-touch: Disabled
 Parallel Workers: 13
 Concurrent Workers: 3
 Concurrent Refinement Workers: 13
 Periodic GC: Disabled
Heap:
 garbage-first heap   total 258048K, used 179348K [0x0000000084e00000, 0x0000000100000000)
  region size 1024K, 90 young (92160K), 2 survivors (2048K)
 Metaspace       used 140876K, committed 142208K, reserved 1179648K
  class space    used 18465K, committed 19072K, reserved 1048576K
GC Heap History (20 events):
Event: 4360.409 GC heap after
{Heap after GC invocations=617 (full 27):
 garbage-first heap   total 354304K, used 71828K [0x0000000084e00000, 0x0000000100000000)
  region size 1024K, 4 young (4096K), 4 survivors (4096K)
 Metaspace       used 140198K, committed 141568K, reserved 1179648K
  class space    used 18402K, committed 19008K, reserved 1048576K
}
Event: 4361.090 GC heap before
{Heap before GC invocations=618 (full 27):
 garbage-first heap   total 252928K, used 101524K [0x0000000084e00000, 0x0000000100000000)
  region size 1024K, 34 young (34816K), 4 survivors (4096K)
 Metaspace       used 140724K, committed 142016K, reserved 1179648K
  class space    used 18444K, committed 19008K, reserved 1048576K
}
Event: 4361.095 GC heap after
{Heap after GC invocations=619 (full 27):
 garbage-first heap   total 252928K, used 74375K [0x0000000084e00000, 0x0000000100000000)
  region size 1024K, 7 young (7168K), 7 survivors (7168K)
 Metaspace       used 140724K, committed 142016K, reserved 1179648K
  class space    used 18444K, committed 19008K, reserved 1048576K
}
Event: 4362.735 GC heap before
{Heap before GC invocations=620 (full 27):
 garbage-first heap   total 252928K, used 238215K [0x0000000084e00000, 0x0000000100000000)
  region size 1024K, 148 young (151552K), 7 survivors (7168K)
 Metaspace       used 140805K, committed 142144K, reserved 1179648K
  class space    used 18453K, committed 19072K, reserved 1048576K
}
Event: 4362.743 GC heap after
{Heap after GC invocations=621 (full 27):
 garbage-first heap   total 252928K, used 86613K [0x0000000084e00000, 0x0000000100000000)
  region size 1024K, 10 young (10240K), 10 survivors (10240K)
 Metaspace       used 140805K, committed 142144K, reserved 1179648K
  class space    used 18453K, committed 19072K, reserved 1048576K
}
Event: 4363.102 GC heap before
{Heap before GC invocations=621 (full 27):
 garbage-first heap   total 252928K, used 224853K [0x0000000084e00000, 0x0000000100000000)
  region size 1024K, 145 young (148480K), 10 survivors (10240K)
 Metaspace       used 140805K, committed 142144K, reserved 1179648K
  class space    used 18453K, committed 19072K, reserved 1048576K
}
Event: 4363.108 GC heap after
{Heap after GC invocations=622 (full 27):
 garbage-first heap   total 252928K, used 85566K [0x0000000084e00000, 0x0000000100000000)
  region size 1024K, 9 young (9216K), 9 survivors (9216K)
 Metaspace       used 140805K, committed 142144K, reserved 1179648K
  class space    used 18453K, committed 19072K, reserved 1048576K
}
Event: 4363.407 GC heap before
{Heap before GC invocations=622 (full 27):
 garbage-first heap   total 252928K, used 227902K [0x0000000084e00000, 0x0000000100000000)
  region size 1024K, 148 young (151552K), 9 survivors (9216K)
 Metaspace       used 140805K, committed 142144K, reserved 1179648K
  class space    used 18453K, committed 19072K, reserved 1048576K
}
Event: 4363.413 GC heap after
{Heap after GC invocations=623 (full 27):
 garbage-first heap   total 252928K, used 86590K [0x0000000084e00000, 0x0000000100000000)
  region size 1024K, 10 young (10240K), 10 survivors (10240K)
 Metaspace       used 140805K, committed 142144K, reserved 1179648K
  class space    used 18453K, committed 19072K, reserved 1048576K
}
Event: 4363.714 GC heap before
{Heap before GC invocations=624 (full 27):
 garbage-first heap   total 252928K, used 225854K [0x0000000084e00000, 0x0000000100000000)
  region size 1024K, 147 young (150528K), 10 survivors (10240K)
 Metaspace       used 140805K, committed 142144K, reserved 1179648K
  class space    used 18453K, committed 19072K, reserved 1048576K
}
Event: 4363.719 GC heap after
{Heap after GC invocations=625 (full 27):
 garbage-first heap   total 252928K, used 84840K [0x0000000084e00000, 0x0000000100000000)
  region size 1024K, 9 young (9216K), 9 survivors (9216K)
 Metaspace       used 140805K, committed 142144K, reserved 1179648K
  class space    used 18453K, committed 19072K, reserved 1048576K
}
Event: 4364.156 GC heap before
{Heap before GC invocations=625 (full 27):
 garbage-first heap   total 252928K, used 227176K [0x0000000084e00000, 0x0000000100000000)
  region size 1024K, 148 young (151552K), 9 survivors (9216K)
 Metaspace       used 140807K, committed 142144K, reserved 1179648K
  class space    used 18453K, committed 19072K, reserved 1048576K
}
Event: 4364.166 GC heap after
{Heap after GC invocations=626 (full 27):
 garbage-first heap   total 252928K, used 88896K [0x0000000084e00000, 0x0000000100000000)
  region size 1024K, 13 young (13312K), 13 survivors (13312K)
 Metaspace       used 140807K, committed 142144K, reserved 1179648K
  class space    used 18453K, committed 19072K, reserved 1048576K
}
Event: 4364.457 GC heap before
{Heap before GC invocations=626 (full 27):
 garbage-first heap   total 252928K, used 225088K [0x0000000084e00000, 0x0000000100000000)
  region size 1024K, 146 young (149504K), 13 survivors (13312K)
 Metaspace       used 140807K, committed 142144K, reserved 1179648K
  class space    used 18453K, committed 19072K, reserved 1048576K
}
Event: 4364.482 GC heap after
{Heap after GC invocations=627 (full 27):
 garbage-first heap   total 258048K, used 107336K [0x0000000084e00000, 0x0000000100000000)
  region size 1024K, 19 young (19456K), 19 survivors (19456K)
 Metaspace       used 140807K, committed 142144K, reserved 1179648K
  class space    used 18453K, committed 19072K, reserved 1048576K
}
Event: 4364.969 GC heap before
{Heap before GC invocations=628 (full 27):
 garbage-first heap   total 258048K, used 217928K [0x0000000084e00000, 0x0000000100000000)
  region size 1024K, 132 young (135168K), 19 survivors (19456K)
 Metaspace       used 140807K, committed 142144K, reserved 1179648K
  class space    used 18453K, committed 19072K, reserved 1048576K
}
Event: 4364.976 GC heap after
{Heap after GC invocations=629 (full 27):
 garbage-first heap   total 258048K, used 95911K [0x0000000084e00000, 0x0000000100000000)
  region size 1024K, 6 young (6144K), 6 survivors (6144K)
 Metaspace       used 140807K, committed 142144K, reserved 1179648K
  class space    used 18453K, committed 19072K, reserved 1048576K
}
Event: 4365.340 GC heap before
{Heap before GC invocations=629 (full 27):
 garbage-first heap   total 258048K, used 230055K [0x0000000084e00000, 0x0000000100000000)
  region size 1024K, 137 young (140288K), 6 survivors (6144K)
 Metaspace       used 140807K, committed 142144K, reserved 1179648K
  class space    used 18453K, committed 19072K, reserved 1048576K
}
Event: 4365.346 GC heap after
{Heap after GC invocations=630 (full 27):
 garbage-first heap   total 258048K, used 89628K [0x0000000084e00000, 0x0000000100000000)
  region size 1024K, 2 young (2048K), 2 survivors (2048K)
 Metaspace       used 140807K, committed 142144K, reserved 1179648K
  class space    used 18453K, committed 19072K, reserved 1048576K
}
Event: 4443.467 GC heap before
{Heap before GC invocations=630 (full 27):
 garbage-first heap   total 258048K, used 178716K [0x0000000084e00000, 0x0000000100000000)
  region size 1024K, 90 young (92160K), 2 survivors (2048K)
 Metaspace       used 140876K, committed 142208K, reserved 1179648K
  class space    used 18465K, committed 19072K, reserved 1048576K
}

